{"/home/travis/build/npmtest/node-npmtest-everyauth/test.js":{"path":"/home/travis/build/npmtest/node-npmtest-everyauth/test.js","s":{"1":2,"2":2,"3":2,"4":2,"5":2,"6":2,"7":2,"8":1,"9":2,"10":2,"11":1,"12":1,"13":1,"14":1,"15":2,"16":2,"17":2,"18":2,"19":1,"20":1,"21":2,"22":2,"23":2,"24":1,"25":1,"26":1,"27":1,"28":1,"29":1,"30":1,"31":1,"32":1,"33":1,"34":1,"35":1,"36":1,"37":1,"38":1,"39":2,"40":2,"41":1,"42":2,"43":2,"44":1,"45":2,"46":2,"47":1,"48":2,"49":2,"50":1,"51":1,"52":1,"53":1,"54":1},"b":{"1":[2,1,1,1],"2":[1,1,1,1],"3":[1,1],"4":[1,1],"5":[1,1],"6":[1,1],"7":[1,1],"8":[1,1],"9":[1,1],"10":[1,1,1],"11":[1,1],"12":[1,1],"13":[1,1],"14":[1,1],"15":[1,1],"16":[1,1],"17":[1,1]},"f":{"1":2,"2":2,"3":2,"4":2,"5":2,"6":1,"7":1,"8":1,"9":2,"10":2,"11":2,"12":2,"13":1},"fnMap":{"1":{"name":"(anonymous_1)","line":12,"loc":{"start":{"line":12,"column":1},"end":{"line":12,"column":13}}},"2":{"name":"(anonymous_2)","line":19,"loc":{"start":{"line":19,"column":5},"end":{"line":19,"column":17}}},"3":{"name":"(anonymous_3)","line":23,"loc":{"start":{"line":23,"column":24},"end":{"line":23,"column":36}}},"4":{"name":"(anonymous_4)","line":61,"loc":{"start":{"line":61,"column":5},"end":{"line":61,"column":17}}},"5":{"name":"(anonymous_5)","line":82,"loc":{"start":{"line":82,"column":5},"end":{"line":82,"column":17}}},"6":{"name":"(anonymous_6)","line":91,"loc":{"start":{"line":91,"column":77},"end":{"line":94,"column":10}}},"7":{"name":"(anonymous_7)","line":112,"loc":{"start":{"line":112,"column":83},"end":{"line":115,"column":10}},"skip":true},"8":{"name":"(anonymous_8)","line":123,"loc":{"start":{"line":123,"column":77},"end":{"line":126,"column":10}},"skip":true},"9":{"name":"(anonymous_9)","line":139,"loc":{"start":{"line":139,"column":12},"end":{"line":139,"column":40}},"skip":true},"10":{"name":"(anonymous_10)","line":147,"loc":{"start":{"line":147,"column":77},"end":{"line":150,"column":10}},"skip":true},"11":{"name":"(anonymous_11)","line":158,"loc":{"start":{"line":158,"column":83},"end":{"line":161,"column":10}},"skip":true},"12":{"name":"(anonymous_12)","line":169,"loc":{"start":{"line":169,"column":79},"end":{"line":172,"column":10}},"skip":true},"13":{"name":"(anonymous_13)","line":180,"loc":{"start":{"line":180,"column":75},"end":{"line":183,"column":10}},"skip":true}},"statementMap":{"1":{"start":{"line":12,"column":0},"end":{"line":195,"column":5}},"2":{"start":{"line":14,"column":4},"end":{"line":14,"column":14}},"3":{"start":{"line":19,"column":4},"end":{"line":56,"column":9}},"4":{"start":{"line":21,"column":8},"end":{"line":21,"column":19}},"5":{"start":{"line":23,"column":8},"end":{"line":35,"column":13}},"6":{"start":{"line":24,"column":12},"end":{"line":34,"column":13}},"7":{"start":{"line":25,"column":16},"end":{"line":28,"column":30}},"8":{"start":{"line":30,"column":16},"end":{"line":33,"column":27}},"9":{"start":{"line":37,"column":8},"end":{"line":39,"column":21}},"10":{"start":{"line":40,"column":8},"end":{"line":53,"column":9}},"11":{"start":{"line":43,"column":12},"end":{"line":46,"column":14}},"12":{"start":{"line":47,"column":12},"end":{"line":47,"column":18}},"13":{"start":{"line":50,"column":12},"end":{"line":51,"column":33}},"14":{"start":{"line":52,"column":12},"end":{"line":52,"column":18}},"15":{"start":{"line":55,"column":8},"end":{"line":55,"column":35}},"16":{"start":{"line":61,"column":4},"end":{"line":63,"column":9}},"17":{"start":{"line":62,"column":8},"end":{"line":62,"column":15}},"18":{"start":{"line":64,"column":4},"end":{"line":77,"column":5}},"19":{"start":{"line":70,"column":8},"end":{"line":70,"column":14}},"20":{"start":{"line":76,"column":8},"end":{"line":76,"column":14}},"21":{"start":{"line":82,"column":4},"end":{"line":84,"column":9}},"22":{"start":{"line":83,"column":8},"end":{"line":83,"column":15}},"23":{"start":{"line":85,"column":4},"end":{"line":194,"column":5}},"24":{"start":{"line":91,"column":8},"end":{"line":99,"column":10}},"25":{"start":{"line":98,"column":12},"end":{"line":98,"column":35}},"26":{"start":{"line":102,"column":8},"end":{"line":104,"column":63}},"27":{"start":{"line":105,"column":8},"end":{"line":105,"column":14}},"28":{"start":{"line":112,"column":8},"end":{"line":121,"column":10},"skip":true},"29":{"start":{"line":119,"column":12},"end":{"line":119,"column":55},"skip":true},"30":{"start":{"line":120,"column":12},"end":{"line":120,"column":48},"skip":true},"31":{"start":{"line":123,"column":8},"end":{"line":136,"column":10},"skip":true},"32":{"start":{"line":130,"column":12},"end":{"line":130,"column":76},"skip":true},"33":{"start":{"line":131,"column":12},"end":{"line":131,"column":73},"skip":true},"34":{"start":{"line":132,"column":12},"end":{"line":132,"column":74},"skip":true},"35":{"start":{"line":133,"column":12},"end":{"line":133,"column":79},"skip":true},"36":{"start":{"line":134,"column":12},"end":{"line":134,"column":25},"skip":true},"37":{"start":{"line":135,"column":12},"end":{"line":135,"column":45},"skip":true},"38":{"start":{"line":138,"column":8},"end":{"line":145,"column":14},"skip":true},"39":{"start":{"line":143,"column":16},"end":{"line":143,"column":29},"skip":true},"40":{"start":{"line":144,"column":16},"end":{"line":144,"column":55},"skip":true},"41":{"start":{"line":147,"column":8},"end":{"line":156,"column":10},"skip":true},"42":{"start":{"line":154,"column":12},"end":{"line":154,"column":25},"skip":true},"43":{"start":{"line":155,"column":12},"end":{"line":155,"column":45},"skip":true},"44":{"start":{"line":158,"column":8},"end":{"line":167,"column":10},"skip":true},"45":{"start":{"line":165,"column":12},"end":{"line":165,"column":25},"skip":true},"46":{"start":{"line":166,"column":12},"end":{"line":166,"column":48},"skip":true},"47":{"start":{"line":169,"column":8},"end":{"line":178,"column":10},"skip":true},"48":{"start":{"line":176,"column":12},"end":{"line":176,"column":25},"skip":true},"49":{"start":{"line":177,"column":12},"end":{"line":177,"column":46},"skip":true},"50":{"start":{"line":180,"column":8},"end":{"line":189,"column":10},"skip":true},"51":{"start":{"line":187,"column":12},"end":{"line":187,"column":94},"skip":true},"52":{"start":{"line":188,"column":12},"end":{"line":188,"column":48},"skip":true},"53":{"start":{"line":192,"column":8},"end":{"line":192,"column":35},"skip":true},"54":{"start":{"line":193,"column":8},"end":{"line":193,"column":14},"skip":true}},"branchMap":{"1":{"line":25,"type":"binary-expr","locations":[{"start":{"line":25,"column":23},"end":{"line":25,"column":62}},{"start":{"line":26,"column":20},"end":{"line":26,"column":70}},{"start":{"line":27,"column":20},"end":{"line":27,"column":71}},{"start":{"line":28,"column":20},"end":{"line":28,"column":29}}]},"2":{"line":30,"type":"binary-expr","locations":[{"start":{"line":30,"column":23},"end":{"line":30,"column":37}},{"start":{"line":31,"column":20},"end":{"line":31,"column":61}},{"start":{"line":32,"column":20},"end":{"line":32,"column":70}},{"start":{"line":33,"column":20},"end":{"line":33,"column":26}}]},"3":{"line":37,"type":"cond-expr","locations":[{"start":{"line":38,"column":14},"end":{"line":38,"column":20}},{"start":{"line":39,"column":14},"end":{"line":39,"column":20}}]},"4":{"line":40,"type":"switch","locations":[{"start":{"line":42,"column":8},"end":{"line":47,"column":18}},{"start":{"line":49,"column":8},"end":{"line":52,"column":18}}]},"5":{"line":44,"type":"binary-expr","locations":[{"start":{"line":44,"column":16},"end":{"line":44,"column":44}},{"start":{"line":44,"column":48},"end":{"line":44,"column":66}}]},"6":{"line":50,"type":"binary-expr","locations":[{"start":{"line":50,"column":21},"end":{"line":50,"column":49}},{"start":{"line":50,"column":53},"end":{"line":50,"column":72}}]},"7":{"line":64,"type":"switch","locations":[{"start":{"line":69,"column":4},"end":{"line":70,"column":14}},{"start":{"line":75,"column":4},"end":{"line":76,"column":14}}]},"8":{"line":85,"type":"switch","locations":[{"start":{"line":90,"column":4},"end":{"line":105,"column":14}},{"start":{"line":111,"column":4},"end":{"line":193,"column":14},"skip":true}]},"9":{"line":91,"type":"binary-expr","locations":[{"start":{"line":91,"column":42},"end":{"line":91,"column":73}},{"start":{"line":91,"column":77},"end":{"line":99,"column":9}}]},"10":{"line":102,"type":"binary-expr","locations":[{"start":{"line":102,"column":18},"end":{"line":102,"column":32}},{"start":{"line":103,"column":12},"end":{"line":103,"column":53}},{"start":{"line":104,"column":12},"end":{"line":104,"column":61}}]},"11":{"line":112,"type":"binary-expr","locations":[{"start":{"line":112,"column":45},"end":{"line":112,"column":79},"skip":true},{"start":{"line":112,"column":83},"end":{"line":121,"column":9},"skip":true}]},"12":{"line":123,"type":"binary-expr","locations":[{"start":{"line":123,"column":42},"end":{"line":123,"column":73},"skip":true},{"start":{"line":123,"column":77},"end":{"line":136,"column":9},"skip":true}]},"13":{"line":138,"type":"binary-expr","locations":[{"start":{"line":138,"column":48},"end":{"line":138,"column":85},"skip":true},{"start":{"line":139,"column":12},"end":{"line":145,"column":13},"skip":true}]},"14":{"line":147,"type":"binary-expr","locations":[{"start":{"line":147,"column":42},"end":{"line":147,"column":73},"skip":true},{"start":{"line":147,"column":77},"end":{"line":156,"column":9},"skip":true}]},"15":{"line":158,"type":"binary-expr","locations":[{"start":{"line":158,"column":45},"end":{"line":158,"column":79},"skip":true},{"start":{"line":158,"column":83},"end":{"line":167,"column":9},"skip":true}]},"16":{"line":169,"type":"binary-expr","locations":[{"start":{"line":169,"column":43},"end":{"line":169,"column":75},"skip":true},{"start":{"line":169,"column":79},"end":{"line":178,"column":9},"skip":true}]},"17":{"line":180,"type":"binary-expr","locations":[{"start":{"line":180,"column":41},"end":{"line":180,"column":71},"skip":true},{"start":{"line":180,"column":75},"end":{"line":189,"column":9},"skip":true}]}},"code":["/* istanbul instrument in package npmtest_everyauth */","/*jslint","    bitwise: true,","    browser: true,","    maxerr: 8,","    maxlen: 96,","    node: true,","    nomen: true,","    regexp: true,","    stupid: true","*/","(function () {","    'use strict';","    var local;","","","","    // run shared js-env code - init-before","    (function () {","        // init local","        local = {};","        // init modeJs","        local.modeJs = (function () {","            try {","                return typeof navigator.userAgent === 'string' &&","                    typeof document.querySelector('body') === 'object' &&","                    typeof XMLHttpRequest.prototype.open === 'function' &&","                    'browser';","            } catch (errorCaughtBrowser) {","                return module.exports &&","                    typeof process.versions.node === 'string' &&","                    typeof require('http').createServer === 'function' &&","                    'node';","            }","        }());","        // init global","        local.global = local.modeJs === 'browser'","            ? window","            : global;","        switch (local.modeJs) {","        // re-init local from window.local","        case 'browser':","            local = local.global.utility2.objectSetDefault(","                local.global.utility2_rollup || local.global.local,","                local.global.utility2","            );","            break;","        // re-init local from example.js","        case 'node':","            local = (local.global.utility2_rollup || require('utility2'))","                .requireReadme();","            break;","        }","        // export local","        local.global.local = local;","    }());","","","","    // run shared js-env code - function","    (function () {","        return;","    }());","    switch (local.modeJs) {","","","","    // run browser js-env code - function","    case 'browser':","        break;","","","","    // run node js-env code - function","    case 'node':","        break;","    }","","","","    // run shared js-env code - init-after","    (function () {","        return;","    }());","    switch (local.modeJs) {","","","","    // run browser js-env code - init-after","    case 'browser':","        local.testCase_browser_nullCase = local.testCase_browser_nullCase || function (","            options,","            onError","        ) {","        /*","         * this function will test browsers's null-case handling-behavior-behavior","         */","            onError(null, options);","        };","","        // run tests","        local.nop(local.modeTest &&","            document.querySelector('#testRunButton1') &&","            document.querySelector('#testRunButton1').click());","        break;","","","","    // run node js-env code - init-after","    /* istanbul ignore next */","    case 'node':","        local.testCase_buildApidoc_default = local.testCase_buildApidoc_default || function (","            options,","            onError","        ) {","        /*","         * this function will test buildApidoc's default handling-behavior-behavior","         */","            options = { modulePathList: module.paths };","            local.buildApidoc(options, onError);","        };","","        local.testCase_buildApp_default = local.testCase_buildApp_default || function (","            options,","            onError","        ) {","        /*","         * this function will test buildApp's default handling-behavior-behavior","         */","            local.testCase_buildReadme_default(options, local.onErrorThrow);","            local.testCase_buildLib_default(options, local.onErrorThrow);","            local.testCase_buildTest_default(options, local.onErrorThrow);","            local.testCase_buildCustomOrg_default(options, local.onErrorThrow);","            options = [];","            local.buildApp(options, onError);","        };","","        local.testCase_buildCustomOrg_default = local.testCase_buildCustomOrg_default ||","            function (options, onError) {","            /*","             * this function will test buildCustomOrg's default handling-behavior","             */","                options = {};","                local.buildCustomOrg(options, onError);","            };","","        local.testCase_buildLib_default = local.testCase_buildLib_default || function (","            options,","            onError","        ) {","        /*","         * this function will test buildLib's default handling-behavior","         */","            options = {};","            local.buildLib(options, onError);","        };","","        local.testCase_buildReadme_default = local.testCase_buildReadme_default || function (","            options,","            onError","        ) {","        /*","         * this function will test buildReadme's default handling-behavior-behavior","         */","            options = {};","            local.buildReadme(options, onError);","        };","","        local.testCase_buildTest_default = local.testCase_buildTest_default || function (","            options,","            onError","        ) {","        /*","         * this function will test buildTest's default handling-behavior","         */","            options = {};","            local.buildTest(options, onError);","        };","","        local.testCase_webpage_default = local.testCase_webpage_default || function (","            options,","            onError","        ) {","        /*","         * this function will test webpage's default handling-behavior","         */","            options = { modeCoverageMerge: true, url: local.serverLocalHost + '?modeTest=1' };","            local.browserTest(options, onError);","        };","","        // run test-server","        local.testRunServer(local);","        break;","    }","}());",""],"l":{"12":2,"14":2,"19":2,"21":2,"23":2,"24":2,"25":2,"30":1,"37":2,"40":2,"43":1,"47":1,"50":1,"52":1,"55":2,"61":2,"62":2,"64":2,"70":1,"76":1,"82":2,"83":2,"85":2,"91":1,"98":1,"102":1,"105":1,"112":1,"119":1,"120":1,"123":1,"130":1,"131":1,"132":1,"133":1,"134":1,"135":1,"138":1,"143":2,"144":2,"147":1,"154":2,"155":2,"158":1,"165":2,"166":2,"169":1,"176":2,"177":2,"180":1,"187":1,"188":1,"192":1,"193":1}},"/home/travis/build/npmtest/node-npmtest-everyauth/lib.npmtest_everyauth.js":{"path":"/home/travis/build/npmtest/node-npmtest-everyauth/lib.npmtest_everyauth.js","s":{"1":2,"2":2,"3":2,"4":2,"5":2,"6":2,"7":2,"8":1,"9":2,"10":2,"11":2,"12":2,"13":1,"14":1,"15":1,"16":1},"b":{"1":[2,1,1,1],"2":[1,1,1,1],"3":[1,1],"4":[2,2],"5":[1,1]},"f":{"1":2,"2":2,"3":2},"fnMap":{"1":{"name":"(anonymous_1)","line":12,"loc":{"start":{"line":12,"column":1},"end":{"line":12,"column":13}}},"2":{"name":"(anonymous_2)","line":19,"loc":{"start":{"line":19,"column":5},"end":{"line":19,"column":17}}},"3":{"name":"(anonymous_3)","line":23,"loc":{"start":{"line":23,"column":24},"end":{"line":23,"column":36}}}},"statementMap":{"1":{"start":{"line":12,"column":0},"end":{"line":53,"column":5}},"2":{"start":{"line":14,"column":4},"end":{"line":14,"column":14}},"3":{"start":{"line":19,"column":4},"end":{"line":52,"column":9}},"4":{"start":{"line":21,"column":8},"end":{"line":21,"column":19}},"5":{"start":{"line":23,"column":8},"end":{"line":35,"column":13}},"6":{"start":{"line":24,"column":12},"end":{"line":34,"column":13}},"7":{"start":{"line":25,"column":16},"end":{"line":28,"column":30}},"8":{"start":{"line":30,"column":16},"end":{"line":33,"column":27}},"9":{"start":{"line":37,"column":8},"end":{"line":39,"column":21}},"10":{"start":{"line":41,"column":8},"end":{"line":41,"column":54}},"11":{"start":{"line":43,"column":8},"end":{"line":43,"column":54}},"12":{"start":{"line":45,"column":8},"end":{"line":51,"column":9}},"13":{"start":{"line":46,"column":12},"end":{"line":46,"column":60}},"14":{"start":{"line":48,"column":12},"end":{"line":48,"column":35}},"15":{"start":{"line":49,"column":12},"end":{"line":49,"column":49}},"16":{"start":{"line":50,"column":12},"end":{"line":50,"column":43}}},"branchMap":{"1":{"line":25,"type":"binary-expr","locations":[{"start":{"line":25,"column":23},"end":{"line":25,"column":62}},{"start":{"line":26,"column":20},"end":{"line":26,"column":70}},{"start":{"line":27,"column":20},"end":{"line":27,"column":71}},{"start":{"line":28,"column":20},"end":{"line":28,"column":29}}]},"2":{"line":30,"type":"binary-expr","locations":[{"start":{"line":30,"column":23},"end":{"line":30,"column":37}},{"start":{"line":31,"column":20},"end":{"line":31,"column":61}},{"start":{"line":32,"column":20},"end":{"line":32,"column":70}},{"start":{"line":33,"column":20},"end":{"line":33,"column":26}}]},"3":{"line":37,"type":"cond-expr","locations":[{"start":{"line":38,"column":14},"end":{"line":38,"column":20}},{"start":{"line":39,"column":14},"end":{"line":39,"column":20}}]},"4":{"line":41,"type":"binary-expr","locations":[{"start":{"line":41,"column":16},"end":{"line":41,"column":44}},{"start":{"line":41,"column":48},"end":{"line":41,"column":53}}]},"5":{"line":45,"type":"if","locations":[{"start":{"line":45,"column":8},"end":{"line":45,"column":8}},{"start":{"line":45,"column":8},"end":{"line":45,"column":8}}]}},"code":["/* istanbul instrument in package npmtest_everyauth */","/*jslint","    bitwise: true,","    browser: true,","    maxerr: 8,","    maxlen: 96,","    node: true,","    nomen: true,","    regexp: true,","    stupid: true","*/","(function () {","    'use strict';","    var local;","","","","    // run shared js-env code - init-before","    (function () {","        // init local","        local = {};","        // init modeJs","        local.modeJs = (function () {","            try {","                return typeof navigator.userAgent === 'string' &&","                    typeof document.querySelector('body') === 'object' &&","                    typeof XMLHttpRequest.prototype.open === 'function' &&","                    'browser';","            } catch (errorCaughtBrowser) {","                return module.exports &&","                    typeof process.versions.node === 'string' &&","                    typeof require('http').createServer === 'function' &&","                    'node';","            }","        }());","        // init global","        local.global = local.modeJs === 'browser'","            ? window","            : global;","        // init utility2_rollup","        local = local.global.utility2_rollup || local;","        // init lib","        local.local = local.npmtest_everyauth = local;","        // init exports","        if (local.modeJs === 'browser') {","            local.global.utility2_npmtest_everyauth = local;","        } else {","            module.exports = local;","            module.exports.__dirname = __dirname;","            module.exports.module = module;","        }","    }());","}());",""],"l":{"12":2,"14":2,"19":2,"21":2,"23":2,"24":2,"25":2,"30":1,"37":2,"41":2,"43":2,"45":2,"46":1,"48":1,"49":1,"50":1}},"/home/travis/build/npmtest/node-npmtest-everyauth/example.js":{"path":"/home/travis/build/npmtest/node-npmtest-everyauth/example.js","s":{"1":2,"2":2,"3":2,"4":2,"5":2,"6":2,"7":2,"8":1,"9":2,"10":2,"11":2,"12":2,"13":1,"14":2,"15":2,"16":2,"17":2,"18":2,"19":0,"20":2,"21":1,"22":1,"23":1,"24":1,"25":1,"26":0,"27":0,"28":1,"29":1,"30":2,"31":0,"32":0,"33":0,"34":1,"35":2,"36":2,"37":3,"38":3,"39":3,"40":3,"41":0,"42":3,"43":3,"44":3,"45":1,"46":3,"47":1,"48":1,"49":1,"50":1,"51":1,"52":1,"53":1,"54":1,"55":1,"56":1,"57":0,"58":1,"59":6,"60":6,"61":1,"62":2,"63":0,"64":2,"65":1,"66":1,"67":0,"68":0,"69":0,"70":0,"71":0,"72":0,"73":0,"74":0,"75":0,"76":0,"77":0,"78":0,"79":0,"80":0,"81":0,"82":0,"83":0},"b":{"1":[2,1,1,1],"2":[1,1,1,1],"3":[1,1],"4":[2,2],"5":[1,1],"6":[1,1],"7":[2,0],"8":[2,1,1,1,1,1],"9":[0,2,0],"10":[1,1],"11":[2,1,1],"12":[1,0],"13":[0,2],"14":[2,0,0,0,0,0,0],"15":[0,3],"16":[3,0],"17":[1,1],"18":[0,1],"19":[1,2,0,2],"20":[1,0],"21":[1,1],"22":[0,0],"23":[0,0],"24":[0,0],"25":[0,0],"26":[0,0],"27":[0,0],"28":[0,0]},"f":{"1":2,"2":2,"3":2,"4":2,"5":2,"6":2,"7":3,"8":3,"9":3,"10":1,"11":6,"12":0},"fnMap":{"1":{"name":"(anonymous_1)","line":26,"loc":{"start":{"line":26,"column":1},"end":{"line":26,"column":13}}},"2":{"name":"(anonymous_2)","line":33,"loc":{"start":{"line":33,"column":5},"end":{"line":33,"column":17}}},"3":{"name":"(anonymous_3)","line":37,"loc":{"start":{"line":37,"column":24},"end":{"line":37,"column":36}}},"4":{"name":"(anonymous_4)","line":69,"loc":{"start":{"line":69,"column":31},"end":{"line":69,"column":48}},"skip":true},"5":{"name":"(anonymous_5)","line":78,"loc":{"start":{"line":78,"column":26},"end":{"line":78,"column":45}},"skip":true},"6":{"name":"(anonymous_6)","line":123,"loc":{"start":{"line":123,"column":33},"end":{"line":123,"column":48}},"skip":true},"7":{"name":"(anonymous_7)","line":125,"loc":{"start":{"line":125,"column":27},"end":{"line":125,"column":39}},"skip":true},"8":{"name":"(anonymous_8)","line":133,"loc":{"start":{"line":133,"column":59},"end":{"line":133,"column":74}},"skip":true},"9":{"name":"(anonymous_9)","line":143,"loc":{"start":{"line":143,"column":45},"end":{"line":143,"column":62}},"skip":true},"10":{"name":"(anonymous_10)","line":144,"loc":{"start":{"line":144,"column":73},"end":{"line":144,"column":92}},"skip":true},"11":{"name":"(anonymous_11)","line":272,"loc":{"start":{"line":272,"column":51},"end":{"line":272,"column":77}},"skip":true},"12":{"name":"(anonymous_12)","line":315,"loc":{"start":{"line":315,"column":32},"end":{"line":315,"column":61}},"skip":true}},"statementMap":{"1":{"start":{"line":26,"column":0},"end":{"line":326,"column":5}},"2":{"start":{"line":28,"column":4},"end":{"line":28,"column":14}},"3":{"start":{"line":33,"column":4},"end":{"line":60,"column":9}},"4":{"start":{"line":35,"column":8},"end":{"line":35,"column":19}},"5":{"start":{"line":37,"column":8},"end":{"line":49,"column":13}},"6":{"start":{"line":38,"column":12},"end":{"line":48,"column":13}},"7":{"start":{"line":39,"column":16},"end":{"line":42,"column":30}},"8":{"start":{"line":44,"column":16},"end":{"line":47,"column":27}},"9":{"start":{"line":51,"column":8},"end":{"line":53,"column":21}},"10":{"start":{"line":55,"column":8},"end":{"line":57,"column":45}},"11":{"start":{"line":59,"column":8},"end":{"line":59,"column":35}},"12":{"start":{"line":61,"column":4},"end":{"line":325,"column":5}},"13":{"start":{"line":69,"column":8},"end":{"line":121,"column":10},"skip":true},"14":{"start":{"line":70,"column":12},"end":{"line":88,"column":13},"skip":true},"15":{"start":{"line":76,"column":16},"end":{"line":87,"column":19},"skip":true},"16":{"start":{"line":79,"column":20},"end":{"line":86,"column":21},"skip":true},"17":{"start":{"line":82,"column":24},"end":{"line":82,"column":43},"skip":true},"18":{"start":{"line":83,"column":24},"end":{"line":83,"column":30},"skip":true},"19":{"start":{"line":85,"column":24},"end":{"line":85,"column":49},"skip":true},"20":{"start":{"line":89,"column":12},"end":{"line":107,"column":13},"skip":true},"21":{"start":{"line":92,"column":16},"end":{"line":102,"column":17},"skip":true},"22":{"start":{"line":93,"column":20},"end":{"line":93,"column":86},"skip":true},"23":{"start":{"line":94,"column":20},"end":{"line":95,"column":45},"skip":true},"24":{"start":{"line":96,"column":20},"end":{"line":96,"column":42},"skip":true},"25":{"start":{"line":97,"column":20},"end":{"line":97,"column":48},"skip":true},"26":{"start":{"line":100,"column":20},"end":{"line":100,"column":85},"skip":true},"27":{"start":{"line":101,"column":20},"end":{"line":101,"column":96},"skip":true},"28":{"start":{"line":103,"column":16},"end":{"line":103,"column":22},"skip":true},"29":{"start":{"line":106,"column":16},"end":{"line":106,"column":22},"skip":true},"30":{"start":{"line":108,"column":12},"end":{"line":120,"column":13},"skip":true},"31":{"start":{"line":114,"column":16},"end":{"line":119,"column":17},"skip":true},"32":{"start":{"line":116,"column":20},"end":{"line":116,"column":78},"skip":true},"33":{"start":{"line":118,"column":20},"end":{"line":118,"column":47},"skip":true},"34":{"start":{"line":123,"column":8},"end":{"line":141,"column":11},"skip":true},"35":{"start":{"line":124,"column":12},"end":{"line":124,"column":54},"skip":true},"36":{"start":{"line":125,"column":12},"end":{"line":140,"column":14},"skip":true},"37":{"start":{"line":126,"column":16},"end":{"line":126,"column":28},"skip":true},"38":{"start":{"line":127,"column":16},"end":{"line":127,"column":69},"skip":true},"39":{"start":{"line":128,"column":16},"end":{"line":128,"column":75},"skip":true},"40":{"start":{"line":129,"column":16},"end":{"line":131,"column":17},"skip":true},"41":{"start":{"line":130,"column":20},"end":{"line":130,"column":27},"skip":true},"42":{"start":{"line":133,"column":16},"end":{"line":137,"column":36},"skip":true},"43":{"start":{"line":134,"column":20},"end":{"line":136,"column":55},"skip":true},"44":{"start":{"line":139,"column":16},"end":{"line":139,"column":57},"skip":true},"45":{"start":{"line":143,"column":8},"end":{"line":147,"column":11},"skip":true},"46":{"start":{"line":144,"column":12},"end":{"line":146,"column":15},"skip":true},"47":{"start":{"line":145,"column":16},"end":{"line":145,"column":70},"skip":true},"48":{"start":{"line":149,"column":8},"end":{"line":149,"column":31},"skip":true},"49":{"start":{"line":150,"column":8},"end":{"line":150,"column":14},"skip":true},"50":{"start":{"line":158,"column":8},"end":{"line":158,"column":31},"skip":true},"51":{"start":{"line":160,"column":8},"end":{"line":160,"column":33},"skip":true},"52":{"start":{"line":161,"column":8},"end":{"line":161,"column":37},"skip":true},"53":{"start":{"line":162,"column":8},"end":{"line":162,"column":35},"skip":true},"54":{"start":{"line":164,"column":8},"end":{"line":164,"column":50},"skip":true},"55":{"start":{"line":166,"column":8},"end":{"line":256,"column":2},"skip":true},"56":{"start":{"line":258,"column":8},"end":{"line":286,"column":9},"skip":true},"57":{"start":{"line":259,"column":12},"end":{"line":269,"column":14},"skip":true},"58":{"start":{"line":271,"column":12},"end":{"line":285,"column":19},"skip":true},"59":{"start":{"line":274,"column":20},"end":{"line":274,"column":35},"skip":true},"60":{"start":{"line":275,"column":20},"end":{"line":284,"column":21},"skip":true},"61":{"start":{"line":277,"column":24},"end":{"line":277,"column":64},"skip":true},"62":{"start":{"line":279,"column":24},"end":{"line":279,"column":40},"skip":true},"63":{"start":{"line":281,"column":24},"end":{"line":281,"column":40},"skip":true},"64":{"start":{"line":283,"column":24},"end":{"line":283,"column":39},"skip":true},"65":{"start":{"line":288,"column":8},"end":{"line":290,"column":9},"skip":true},"66":{"start":{"line":289,"column":12},"end":{"line":289,"column":18},"skip":true},"67":{"start":{"line":291,"column":8},"end":{"line":293,"column":54},"skip":true},"68":{"start":{"line":296,"column":8},"end":{"line":301,"column":37},"skip":true},"69":{"start":{"line":303,"column":8},"end":{"line":303,"column":82},"skip":true},"70":{"start":{"line":306,"column":8},"end":{"line":308,"column":9},"skip":true},"71":{"start":{"line":307,"column":12},"end":{"line":307,"column":82},"skip":true},"72":{"start":{"line":310,"column":8},"end":{"line":312,"column":9},"skip":true},"73":{"start":{"line":311,"column":12},"end":{"line":311,"column":18},"skip":true},"74":{"start":{"line":313,"column":8},"end":{"line":313,"column":54},"skip":true},"75":{"start":{"line":314,"column":8},"end":{"line":314,"column":69},"skip":true},"76":{"start":{"line":315,"column":8},"end":{"line":323,"column":36},"skip":true},"77":{"start":{"line":316,"column":12},"end":{"line":316,"column":61},"skip":true},"78":{"start":{"line":317,"column":12},"end":{"line":320,"column":13},"skip":true},"79":{"start":{"line":318,"column":16},"end":{"line":318,"column":75},"skip":true},"80":{"start":{"line":319,"column":16},"end":{"line":319,"column":23},"skip":true},"81":{"start":{"line":321,"column":12},"end":{"line":321,"column":38},"skip":true},"82":{"start":{"line":322,"column":12},"end":{"line":322,"column":27},"skip":true},"83":{"start":{"line":324,"column":8},"end":{"line":324,"column":14},"skip":true}},"branchMap":{"1":{"line":39,"type":"binary-expr","locations":[{"start":{"line":39,"column":23},"end":{"line":39,"column":62}},{"start":{"line":40,"column":20},"end":{"line":40,"column":70}},{"start":{"line":41,"column":20},"end":{"line":41,"column":71}},{"start":{"line":42,"column":20},"end":{"line":42,"column":29}}]},"2":{"line":44,"type":"binary-expr","locations":[{"start":{"line":44,"column":23},"end":{"line":44,"column":37}},{"start":{"line":45,"column":20},"end":{"line":45,"column":61}},{"start":{"line":46,"column":20},"end":{"line":46,"column":70}},{"start":{"line":47,"column":20},"end":{"line":47,"column":26}}]},"3":{"line":51,"type":"cond-expr","locations":[{"start":{"line":52,"column":14},"end":{"line":52,"column":20}},{"start":{"line":53,"column":14},"end":{"line":53,"column":20}}]},"4":{"line":55,"type":"binary-expr","locations":[{"start":{"line":55,"column":16},"end":{"line":55,"column":44}},{"start":{"line":55,"column":49},"end":{"line":57,"column":43}}]},"5":{"line":55,"type":"cond-expr","locations":[{"start":{"line":56,"column":14},"end":{"line":56,"column":53}},{"start":{"line":57,"column":14},"end":{"line":57,"column":43}}]},"6":{"line":61,"type":"switch","locations":[{"start":{"line":68,"column":4},"end":{"line":150,"column":14},"skip":true},{"start":{"line":156,"column":4},"end":{"line":324,"column":14},"skip":true}]},"7":{"line":70,"type":"if","locations":[{"start":{"line":70,"column":12},"end":{"line":70,"column":12},"skip":true},{"start":{"line":70,"column":12},"end":{"line":70,"column":12},"skip":true}]},"8":{"line":70,"type":"binary-expr","locations":[{"start":{"line":70,"column":16},"end":{"line":70,"column":22},"skip":true},{"start":{"line":70,"column":27},"end":{"line":70,"column":32},"skip":true},{"start":{"line":71,"column":20},"end":{"line":71,"column":39},"skip":true},{"start":{"line":72,"column":20},"end":{"line":72,"column":49},"skip":true},{"start":{"line":73,"column":20},"end":{"line":73,"column":58},"skip":true},{"start":{"line":74,"column":20},"end":{"line":74,"column":69},"skip":true}]},"9":{"line":79,"type":"switch","locations":[{"start":{"line":80,"column":20},"end":{"line":80,"column":33},"skip":true},{"start":{"line":81,"column":20},"end":{"line":83,"column":30},"skip":true},{"start":{"line":84,"column":20},"end":{"line":85,"column":49},"skip":true}]},"10":{"line":89,"type":"switch","locations":[{"start":{"line":90,"column":12},"end":{"line":103,"column":22},"skip":true},{"start":{"line":105,"column":12},"end":{"line":106,"column":22},"skip":true}]},"11":{"line":89,"type":"binary-expr","locations":[{"start":{"line":89,"column":20},"end":{"line":89,"column":25},"skip":true},{"start":{"line":89,"column":29},"end":{"line":89,"column":48},"skip":true},{"start":{"line":89,"column":52},"end":{"line":89,"column":74},"skip":true}]},"12":{"line":92,"type":"if","locations":[{"start":{"line":92,"column":16},"end":{"line":92,"column":16},"skip":true},{"start":{"line":92,"column":16},"end":{"line":92,"column":16},"skip":true}]},"13":{"line":108,"type":"if","locations":[{"start":{"line":108,"column":12},"end":{"line":108,"column":12},"skip":true},{"start":{"line":108,"column":12},"end":{"line":108,"column":12},"skip":true}]},"14":{"line":108,"type":"binary-expr","locations":[{"start":{"line":108,"column":16},"end":{"line":108,"column":61},"skip":true},{"start":{"line":108,"column":66},"end":{"line":108,"column":72},"skip":true},{"start":{"line":108,"column":77},"end":{"line":108,"column":82},"skip":true},{"start":{"line":109,"column":20},"end":{"line":109,"column":39},"skip":true},{"start":{"line":110,"column":20},"end":{"line":110,"column":49},"skip":true},{"start":{"line":111,"column":20},"end":{"line":111,"column":58},"skip":true},{"start":{"line":112,"column":20},"end":{"line":112,"column":68},"skip":true}]},"15":{"line":129,"type":"if","locations":[{"start":{"line":129,"column":16},"end":{"line":129,"column":16},"skip":true},{"start":{"line":129,"column":16},"end":{"line":129,"column":16},"skip":true}]},"16":{"line":134,"type":"cond-expr","locations":[{"start":{"line":135,"column":26},"end":{"line":135,"column":29},"skip":true},{"start":{"line":136,"column":26},"end":{"line":136,"column":54},"skip":true}]},"17":{"line":164,"type":"binary-expr","locations":[{"start":{"line":164,"column":27},"end":{"line":164,"column":43},"skip":true},{"start":{"line":164,"column":47},"end":{"line":164,"column":49},"skip":true}]},"18":{"line":258,"type":"if","locations":[{"start":{"line":258,"column":8},"end":{"line":258,"column":8},"skip":true},{"start":{"line":258,"column":8},"end":{"line":258,"column":8},"skip":true}]},"19":{"line":275,"type":"switch","locations":[{"start":{"line":276,"column":20},"end":{"line":277,"column":64},"skip":true},{"start":{"line":278,"column":20},"end":{"line":279,"column":40},"skip":true},{"start":{"line":280,"column":20},"end":{"line":281,"column":40},"skip":true},{"start":{"line":282,"column":20},"end":{"line":283,"column":39},"skip":true}]},"20":{"line":288,"type":"if","locations":[{"start":{"line":288,"column":8},"end":{"line":288,"column":8},"skip":true},{"start":{"line":288,"column":8},"end":{"line":288,"column":8},"skip":true}]},"21":{"line":288,"type":"binary-expr","locations":[{"start":{"line":288,"column":12},"end":{"line":288,"column":40},"skip":true},{"start":{"line":288,"column":44},"end":{"line":288,"column":67},"skip":true}]},"22":{"line":292,"type":"binary-expr","locations":[{"start":{"line":292,"column":12},"end":{"line":292,"column":50},"skip":true},{"start":{"line":293,"column":12},"end":{"line":293,"column":53},"skip":true}]},"23":{"line":297,"type":"binary-expr","locations":[{"start":{"line":297,"column":12},"end":{"line":297,"column":67},"skip":true},{"start":{"line":298,"column":12},"end":{"line":301,"column":36},"skip":true}]},"24":{"line":303,"type":"binary-expr","locations":[{"start":{"line":303,"column":43},"end":{"line":303,"column":75},"skip":true},{"start":{"line":303,"column":79},"end":{"line":303,"column":81},"skip":true}]},"25":{"line":306,"type":"if","locations":[{"start":{"line":306,"column":8},"end":{"line":306,"column":8},"skip":true},{"start":{"line":306,"column":8},"end":{"line":306,"column":8},"skip":true}]},"26":{"line":310,"type":"if","locations":[{"start":{"line":310,"column":8},"end":{"line":310,"column":8},"skip":true},{"start":{"line":310,"column":8},"end":{"line":310,"column":8},"skip":true}]},"27":{"line":313,"type":"binary-expr","locations":[{"start":{"line":313,"column":27},"end":{"line":313,"column":43},"skip":true},{"start":{"line":313,"column":47},"end":{"line":313,"column":53},"skip":true}]},"28":{"line":317,"type":"if","locations":[{"start":{"line":317,"column":12},"end":{"line":317,"column":12},"skip":true},{"start":{"line":317,"column":12},"end":{"line":317,"column":12},"skip":true}]}},"code":["/*","example.js","","quickstart example","","instruction","    1. save this script as example.js","    2. run the shell command:","        $ npm install npmtest-everyauth && PORT=8081 node example.js","    3. play with the browser-demo on http://127.0.0.1:8081","*/","","","","/* istanbul instrument in package npmtest_everyauth */","/*jslint","    bitwise: true,","    browser: true,","    maxerr: 8,","    maxlen: 96,","    node: true,","    nomen: true,","    regexp: true,","    stupid: true","*/","(function () {","    'use strict';","    var local;","","","","    // run shared js-env code - init-before","    (function () {","        // init local","        local = {};","        // init modeJs","        local.modeJs = (function () {","            try {","                return typeof navigator.userAgent === 'string' &&","                    typeof document.querySelector('body') === 'object' &&","                    typeof XMLHttpRequest.prototype.open === 'function' &&","                    'browser';","            } catch (errorCaughtBrowser) {","                return module.exports &&","                    typeof process.versions.node === 'string' &&","                    typeof require('http').createServer === 'function' &&","                    'node';","            }","        }());","        // init global","        local.global = local.modeJs === 'browser'","            ? window","            : global;","        // init utility2_rollup","        local = local.global.utility2_rollup || (local.modeJs === 'browser'","            ? local.global.utility2_npmtest_everyauth","            : global.utility2_moduleExports);","        // export local","        local.global.local = local;","    }());","    switch (local.modeJs) {","","","","    // init-after","    // run browser js-env code - init-after","    /* istanbul ignore next */","    case 'browser':","        local.testRunBrowser = function (event) {","            if (!event || (event &&","                    event.currentTarget &&","                    event.currentTarget.className &&","                    event.currentTarget.className.includes &&","                    event.currentTarget.className.includes('onreset'))) {","                // reset output","                Array.from(","                    document.querySelectorAll('body > .resettable')","                ).forEach(function (element) {","                    switch (element.tagName) {","                    case 'INPUT':","                    case 'TEXTAREA':","                        element.value = '';","                        break;","                    default:","                        element.textContent = '';","                    }","                });","            }","            switch (event && event.currentTarget && event.currentTarget.id) {","            case 'testRunButton1':","                // show tests","                if (document.querySelector('#testReportDiv1').style.display === 'none') {","                    document.querySelector('#testReportDiv1').style.display = 'block';","                    document.querySelector('#testRunButton1').textContent =","                        'hide internal test';","                    local.modeTest = true;","                    local.testRunDefault(local);","                // hide tests","                } else {","                    document.querySelector('#testReportDiv1').style.display = 'none';","                    document.querySelector('#testRunButton1').textContent = 'run internal test';","                }","                break;","            // custom-case","            default:","                break;","            }","            if (document.querySelector('#inputTextareaEval1') && (!event || (event &&","                    event.currentTarget &&","                    event.currentTarget.className &&","                    event.currentTarget.className.includes &&","                    event.currentTarget.className.includes('oneval')))) {","                // try to eval input-code","                try {","                    /*jslint evil: true*/","                    eval(document.querySelector('#inputTextareaEval1').value);","                } catch (errorCaught) {","                    console.error(errorCaught);","                }","            }","        };","        // log stderr and stdout to #outputTextareaStdout1","        ['error', 'log'].forEach(function (key) {","            console[key + '_original'] = console[key];","            console[key] = function () {","                var element;","                console[key + '_original'].apply(console, arguments);","                element = document.querySelector('#outputTextareaStdout1');","                if (!element) {","                    return;","                }","                // append text to #outputTextareaStdout1","                element.value += Array.from(arguments).map(function (arg) {","                    return typeof arg === 'string'","                        ? arg","                        : JSON.stringify(arg, null, 4);","                }).join(' ') + '\\n';","                // scroll textarea to bottom","                element.scrollTop = element.scrollHeight;","            };","        });","        // init event-handling","        ['change', 'click', 'keyup'].forEach(function (event) {","            Array.from(document.querySelectorAll('.on' + event)).forEach(function (element) {","                element.addEventListener(event, local.testRunBrowser);","            });","        });","        // run tests","        local.testRunBrowser();","        break;","","","","    // run node js-env code - init-after","    /* istanbul ignore next */","    case 'node':","        // export local","        module.exports = local;","        // require modules","        local.fs = require('fs');","        local.http = require('http');","        local.url = require('url');","        // init assets","        local.assetsDict = local.assetsDict || {};","        /* jslint-ignore-begin */","        local.assetsDict['/assets.index.template.html'] = '\\","<!doctype html>\\n\\","<html lang=\"en\">\\n\\","<head>\\n\\","<meta charset=\"UTF-8\">\\n\\","<meta name=\"viewport\" content=\"width=device-width, initial-scale=1\">\\n\\","<title>{{env.npm_package_name}} (v{{env.npm_package_version}})</title>\\n\\","<style>\\n\\","/*csslint\\n\\","    box-sizing: false,\\n\\","    universal-selector: false\\n\\","*/\\n\\","* {\\n\\","    box-sizing: border-box;\\n\\","}\\n\\","body {\\n\\","    background: #dde;\\n\\","    font-family: Arial, Helvetica, sans-serif;\\n\\","    margin: 2rem;\\n\\","}\\n\\","body > * {\\n\\","    margin-bottom: 1rem;\\n\\","}\\n\\",".utility2FooterDiv {\\n\\","    margin-top: 20px;\\n\\","    text-align: center;\\n\\","}\\n\\","</style>\\n\\","<style>\\n\\","/*csslint\\n\\","*/\\n\\","textarea {\\n\\","    font-family: monospace;\\n\\","    height: 10rem;\\n\\","    width: 100%;\\n\\","}\\n\\","textarea[readonly] {\\n\\","    background: #ddd;\\n\\","}\\n\\","</style>\\n\\","</head>\\n\\","<body>\\n\\","<!-- utility2-comment\\n\\","<div id=\"ajaxProgressDiv1\" style=\"background: #d00; height: 2px; left: 0; margin: 0; padding: 0; position: fixed; top: 0; transition: background 0.5s, width 1.5s; width: 25%;\"></div>\\n\\","utility2-comment -->\\n\\","<h1>\\n\\","<!-- utility2-comment\\n\\","    <a\\n\\","        {{#if env.npm_package_homepage}}\\n\\","        href=\"{{env.npm_package_homepage}}\"\\n\\","        {{/if env.npm_package_homepage}}\\n\\","        target=\"_blank\"\\n\\","    >\\n\\","utility2-comment -->\\n\\","        {{env.npm_package_name}} (v{{env.npm_package_version}})\\n\\","<!-- utility2-comment\\n\\","    </a>\\n\\","utility2-comment -->\\n\\","</h1>\\n\\","<h3>{{env.npm_package_description}}</h3>\\n\\","<!-- utility2-comment\\n\\","<h4><a download href=\"assets.app.js\">download standalone app</a></h4>\\n\\","<button class=\"onclick onreset\" id=\"testRunButton1\">run internal test</button><br>\\n\\","<div id=\"testReportDiv1\" style=\"display: none;\"></div>\\n\\","utility2-comment -->\\n\\","\\n\\","\\n\\","\\n\\","<label>stderr and stdout</label>\\n\\","<textarea class=\"resettable\" id=\"outputTextareaStdout1\" readonly></textarea>\\n\\","<!-- utility2-comment\\n\\","{{#if isRollup}}\\n\\","<script src=\"assets.app.js\"></script>\\n\\","{{#unless isRollup}}\\n\\","utility2-comment -->\\n\\","<script src=\"assets.utility2.rollup.js\"></script>\\n\\","<script src=\"jsonp.utility2._stateInit?callback=window.utility2._stateInit\"></script>\\n\\","<script src=\"assets.npmtest_everyauth.rollup.js\"></script>\\n\\","<script src=\"assets.example.js\"></script>\\n\\","<script src=\"assets.test.js\"></script>\\n\\","<!-- utility2-comment\\n\\","{{/if isRollup}}\\n\\","utility2-comment -->\\n\\","<div class=\"utility2FooterDiv\">\\n\\","    [ this app was created with\\n\\","    <a href=\"https://github.com/kaizhu256/node-utility2\" target=\"_blank\">utility2</a>\\n\\","    ]\\n\\","</div>\\n\\","</body>\\n\\","</html>\\n\\","';","        /* jslint-ignore-end */","        if (local.templateRender) {","            local.assetsDict['/'] = local.templateRender(","                local.assetsDict['/assets.index.template.html'],","                {","                    env: local.objectSetDefault(local.env, {","                        npm_package_description: 'the greatest app in the world!',","                        npm_package_name: 'my-app',","                        npm_package_nameAlias: 'my_app',","                        npm_package_version: '0.0.1'","                    })","                }","            );","        } else {","            local.assetsDict['/'] = local.assetsDict['/assets.index.template.html']","                .replace((/\\{\\{env\\.(\\w+?)\\}\\}/g), function (match0, match1) {","                    // jslint-hack","                    String(match0);","                    switch (match1) {","                    case 'npm_package_description':","                        return 'the greatest app in the world!';","                    case 'npm_package_name':","                        return 'my-app';","                    case 'npm_package_nameAlias':","                        return 'my_app';","                    case 'npm_package_version':","                        return '0.0.1';","                    }","                });","        }","        // run the cli","        if (local.global.utility2_rollup || module !== require.main) {","            break;","        }","        local.assetsDict['/assets.example.js'] =","            local.assetsDict['/assets.example.js'] ||","            local.fs.readFileSync(__filename, 'utf8');","        // bug-workaround - long $npm_package_buildCustomOrg","        /* jslint-ignore-begin */","        local.assetsDict['/assets.npmtest_everyauth.rollup.js'] =","            local.assetsDict['/assets.npmtest_everyauth.rollup.js'] ||","            local.fs.readFileSync(","                local.npmtest_everyauth.__dirname + '/lib.npmtest_everyauth.js',","                'utf8'","            ).replace((/^#!/), '//');","        /* jslint-ignore-end */","        local.assetsDict['/favicon.ico'] = local.assetsDict['/favicon.ico'] || '';","        // if $npm_config_timeout_exit exists,","        // then exit this process after $npm_config_timeout_exit ms","        if (Number(process.env.npm_config_timeout_exit)) {","            setTimeout(process.exit, Number(process.env.npm_config_timeout_exit));","        }","        // start server","        if (local.global.utility2_serverHttp1) {","            break;","        }","        process.env.PORT = process.env.PORT || '8081';","        console.error('server starting on port ' + process.env.PORT);","        local.http.createServer(function (request, response) {","            request.urlParsed = local.url.parse(request.url);","            if (local.assetsDict[request.urlParsed.pathname] !== undefined) {","                response.end(local.assetsDict[request.urlParsed.pathname]);","                return;","            }","            response.statusCode = 404;","            response.end();","        }).listen(process.env.PORT);","        break;","    }","}());",""],"l":{"26":2,"28":2,"33":2,"35":2,"37":2,"38":2,"39":2,"44":1,"51":2,"55":2,"59":2,"61":2,"69":1,"70":2,"76":2,"79":2,"82":2,"83":2,"85":1,"89":2,"92":1,"93":1,"94":1,"96":1,"97":1,"100":1,"101":1,"103":1,"106":1,"108":2,"114":1,"116":1,"118":1,"123":1,"124":2,"125":2,"126":3,"127":3,"128":3,"129":3,"130":1,"133":3,"134":3,"139":3,"143":1,"144":3,"145":1,"149":1,"150":1,"158":1,"160":1,"161":1,"162":1,"164":1,"166":1,"258":1,"259":1,"271":1,"274":6,"275":6,"277":1,"279":2,"281":1,"283":2,"288":1,"289":1,"291":1,"296":1,"303":1,"306":1,"307":1,"310":1,"311":1,"313":1,"314":1,"315":1,"316":1,"317":1,"318":1,"319":1,"321":1,"322":1,"324":1}},"/home/travis/build/npmtest/node-npmtest-everyauth/node_modules/everyauth/index.js":{"path":"/home/travis/build/npmtest/node-npmtest-everyauth/node_modules/everyauth/index.js","s":{"1":1,"2":1,"3":1,"4":1,"5":1,"6":1,"7":1,"8":1,"9":1,"10":0,"11":0,"12":1,"13":1,"14":0,"15":0,"16":0,"17":0,"18":0,"19":0,"20":0,"21":0,"22":0,"23":0,"24":0,"25":0,"26":0,"27":0,"28":0,"29":0,"30":0,"31":1,"32":0,"33":0,"34":0,"35":0,"36":0,"37":0,"38":0,"39":0,"40":0,"41":0,"42":1,"43":0,"44":0,"45":0,"46":0,"47":0,"48":0,"49":1,"50":0,"51":0,"52":0,"53":0,"54":0,"55":0,"56":0,"57":0,"58":1,"59":0,"60":0,"61":0,"62":0,"63":0,"64":0,"65":0,"66":0,"67":1,"68":1,"69":1,"70":1,"71":1,"72":1,"73":1,"74":1,"75":0,"76":0,"77":0,"78":0,"79":1,"80":1,"81":1,"82":1,"83":43,"84":1,"85":43,"86":1,"87":43,"88":43,"89":43,"90":0,"91":0,"92":0,"93":0,"94":0,"95":0},"b":{"1":[0,0],"2":[0,0],"3":[0,0],"4":[0,0],"5":[0,0],"6":[0,0],"7":[0,0],"8":[0,0],"9":[0,0],"10":[0,0],"11":[0,0],"12":[0,0],"13":[0,0],"14":[0,0],"15":[0,0,0],"16":[0,0],"17":[0,0],"18":[0,0]},"f":{"1":0,"2":0,"3":0,"4":0,"5":0,"6":0,"7":0,"8":0,"9":1,"10":1,"11":0,"12":0,"13":43,"14":43,"15":43,"16":0},"fnMap":{"1":{"name":"(anonymous_1)","line":12,"loc":{"start":{"line":12,"column":24},"end":{"line":12,"column":36}}},"2":{"name":"(anonymous_2)","line":25,"loc":{"start":{"line":25,"column":23},"end":{"line":25,"column":39}}},"3":{"name":"(anonymous_3)","line":42,"loc":{"start":{"line":42,"column":9},"end":{"line":42,"column":35}}},"4":{"name":"(anonymous_4)","line":43,"loc":{"start":{"line":43,"column":30},"end":{"line":43,"column":45}}},"5":{"name":"addRequestLocals","line":55,"loc":{"start":{"line":55,"column":0},"end":{"line":55,"column":48}}},"6":{"name":"registerReqGettersAndMethods","line":75,"loc":{"start":{"line":75,"column":0},"end":{"line":75,"column":44}}},"7":{"name":"fetchUserFromSession","line":88,"loc":{"start":{"line":88,"column":0},"end":{"line":88,"column":46}}},"8":{"name":"findUserById_callback","line":101,"loc":{"start":{"line":101,"column":2},"end":{"line":101,"column":45}}},"9":{"name":"(anonymous_9)","line":118,"loc":{"start":{"line":118,"column":29},"end":{"line":118,"column":49}}},"10":{"name":"(anonymous_10)","line":123,"loc":{"start":{"line":123,"column":29},"end":{"line":123,"column":58}}},"11":{"name":"(anonymous_11)","line":129,"loc":{"start":{"line":129,"column":30},"end":{"line":129,"column":42}}},"12":{"name":"(anonymous_12)","line":133,"loc":{"start":{"line":133,"column":32},"end":{"line":133,"column":44}}},"13":{"name":"(anonymous_13)","line":144,"loc":{"start":{"line":144,"column":63},"end":{"line":144,"column":79}}},"14":{"name":"(anonymous_14)","line":147,"loc":{"start":{"line":147,"column":32},"end":{"line":147,"column":49}}},"15":{"name":"(anonymous_15)","line":157,"loc":{"start":{"line":157,"column":10},"end":{"line":157,"column":26}}},"16":{"name":"(anonymous_16)","line":158,"loc":{"start":{"line":158,"column":13},"end":{"line":158,"column":25}}}},"statementMap":{"1":{"start":{"line":1,"column":0},"end":{"line":1,"column":27}},"2":{"start":{"line":2,"column":0},"end":{"line":2,"column":50}},"3":{"start":{"line":3,"column":0},"end":{"line":3,"column":33}},"4":{"start":{"line":4,"column":0},"end":{"line":4,"column":33}},"5":{"start":{"line":5,"column":0},"end":{"line":5,"column":50}},"6":{"start":{"line":6,"column":0},"end":{"line":6,"column":34}},"7":{"start":{"line":7,"column":0},"end":{"line":7,"column":41}},"8":{"start":{"line":9,"column":0},"end":{"line":9,"column":36}},"9":{"start":{"line":12,"column":0},"end":{"line":15,"column":2}},"10":{"start":{"line":13,"column":2},"end":{"line":13,"column":174}},"11":{"start":{"line":14,"column":2},"end":{"line":14,"column":14}},"12":{"start":{"line":17,"column":0},"end":{"line":17,"column":24}},"13":{"start":{"line":25,"column":0},"end":{"line":53,"column":2}},"14":{"start":{"line":26,"column":2},"end":{"line":28,"column":11}},"15":{"start":{"line":29,"column":2},"end":{"line":29,"column":61}},"16":{"start":{"line":30,"column":2},"end":{"line":30,"column":33}},"17":{"start":{"line":32,"column":2},"end":{"line":40,"column":3}},"18":{"start":{"line":33,"column":4},"end":{"line":33,"column":37}},"19":{"start":{"line":34,"column":4},"end":{"line":34,"column":36}},"20":{"start":{"line":35,"column":4},"end":{"line":39,"column":5}},"21":{"start":{"line":36,"column":6},"end":{"line":36,"column":35}},"22":{"start":{"line":37,"column":6},"end":{"line":37,"column":34}},"23":{"start":{"line":38,"column":6},"end":{"line":38,"column":31}},"24":{"start":{"line":42,"column":2},"end":{"line":52,"column":3}},"25":{"start":{"line":43,"column":4},"end":{"line":51,"column":7}},"26":{"start":{"line":44,"column":6},"end":{"line":44,"column":44}},"27":{"start":{"line":45,"column":6},"end":{"line":45,"column":40}},"28":{"start":{"line":46,"column":6},"end":{"line":50,"column":7}},"29":{"start":{"line":47,"column":8},"end":{"line":47,"column":41}},"30":{"start":{"line":49,"column":8},"end":{"line":49,"column":15}},"31":{"start":{"line":55,"column":0},"end":{"line":73,"column":1}},"32":{"start":{"line":56,"column":2},"end":{"line":72,"column":3}},"33":{"start":{"line":57,"column":4},"end":{"line":57,"column":30}},"34":{"start":{"line":58,"column":4},"end":{"line":58,"column":39}},"35":{"start":{"line":59,"column":4},"end":{"line":62,"column":7}},"36":{"start":{"line":64,"column":4},"end":{"line":69,"column":5}},"37":{"start":{"line":66,"column":6},"end":{"line":66,"column":64}},"38":{"start":{"line":67,"column":6},"end":{"line":67,"column":91}},"39":{"start":{"line":68,"column":6},"end":{"line":68,"column":97}},"40":{"start":{"line":70,"column":4},"end":{"line":70,"column":42}},"41":{"start":{"line":71,"column":4},"end":{"line":71,"column":37}},"42":{"start":{"line":75,"column":0},"end":{"line":86,"column":1}},"43":{"start":{"line":76,"column":2},"end":{"line":76,"column":39}},"44":{"start":{"line":77,"column":2},"end":{"line":77,"column":40}},"45":{"start":{"line":78,"column":2},"end":{"line":80,"column":3}},"46":{"start":{"line":79,"column":4},"end":{"line":79,"column":30}},"47":{"start":{"line":81,"column":2},"end":{"line":85,"column":3}},"48":{"start":{"line":82,"column":4},"end":{"line":84,"column":7}},"49":{"start":{"line":88,"column":0},"end":{"line":111,"column":1}},"50":{"start":{"line":89,"column":2},"end":{"line":89,"column":27}},"51":{"start":{"line":90,"column":2},"end":{"line":90,"column":37}},"52":{"start":{"line":91,"column":2},"end":{"line":91,"column":47}},"53":{"start":{"line":91,"column":29},"end":{"line":91,"column":47}},"54":{"start":{"line":92,"column":2},"end":{"line":92,"column":42}},"55":{"start":{"line":93,"column":2},"end":{"line":93,"column":27}},"56":{"start":{"line":95,"column":2},"end":{"line":95,"column":57}},"57":{"start":{"line":97,"column":2},"end":{"line":99,"column":71}},"58":{"start":{"line":101,"column":2},"end":{"line":110,"column":3}},"59":{"start":{"line":102,"column":4},"end":{"line":105,"column":5}},"60":{"start":{"line":103,"column":6},"end":{"line":103,"column":21}},"61":{"start":{"line":104,"column":6},"end":{"line":104,"column":27}},"62":{"start":{"line":106,"column":4},"end":{"line":107,"column":29}},"63":{"start":{"line":106,"column":14},"end":{"line":106,"column":30}},"64":{"start":{"line":107,"column":9},"end":{"line":107,"column":29}},"65":{"start":{"line":108,"column":4},"end":{"line":108,"column":15}},"66":{"start":{"line":109,"column":4},"end":{"line":109,"column":19}},"67":{"start":{"line":113,"column":0},"end":{"line":116,"column":2}},"68":{"start":{"line":118,"column":0},"end":{"line":121,"column":2}},"69":{"start":{"line":119,"column":2},"end":{"line":119,"column":32}},"70":{"start":{"line":120,"column":2},"end":{"line":120,"column":14}},"71":{"start":{"line":123,"column":0},"end":{"line":126,"column":2}},"72":{"start":{"line":124,"column":2},"end":{"line":124,"column":32}},"73":{"start":{"line":125,"column":2},"end":{"line":125,"column":14}},"74":{"start":{"line":128,"column":0},"end":{"line":136,"column":5}},"75":{"start":{"line":130,"column":4},"end":{"line":130,"column":19}},"76":{"start":{"line":131,"column":4},"end":{"line":131,"column":28}},"77":{"start":{"line":134,"column":4},"end":{"line":134,"column":19}},"78":{"start":{"line":135,"column":4},"end":{"line":135,"column":76}},"79":{"start":{"line":138,"column":0},"end":{"line":138,"column":23}},"80":{"start":{"line":139,"column":0},"end":{"line":139,"column":23}},"81":{"start":{"line":143,"column":0},"end":{"line":143,"column":23}},"82":{"start":{"line":144,"column":0},"end":{"line":146,"column":3}},"83":{"start":{"line":145,"column":2},"end":{"line":145,"column":38}},"84":{"start":{"line":147,"column":0},"end":{"line":149,"column":3}},"85":{"start":{"line":148,"column":2},"end":{"line":148,"column":37}},"86":{"start":{"line":150,"column":0},"end":{"line":168,"column":1}},"87":{"start":{"line":151,"column":2},"end":{"line":151,"column":31}},"88":{"start":{"line":156,"column":2},"end":{"line":167,"column":5}},"89":{"start":{"line":158,"column":6},"end":{"line":165,"column":7}},"90":{"start":{"line":159,"column":8},"end":{"line":159,"column":96}},"91":{"start":{"line":161,"column":8},"end":{"line":161,"column":49}},"92":{"start":{"line":161,"column":28},"end":{"line":161,"column":49}},"93":{"start":{"line":162,"column":8},"end":{"line":163,"column":35}},"94":{"start":{"line":163,"column":10},"end":{"line":163,"column":35}},"95":{"start":{"line":164,"column":8},"end":{"line":164,"column":19}}},"branchMap":{"1":{"line":29,"type":"binary-expr","locations":[{"start":{"line":29,"column":18},"end":{"line":29,"column":50}},{"start":{"line":29,"column":54},"end":{"line":29,"column":60}}]},"2":{"line":32,"type":"if","locations":[{"start":{"line":32,"column":2},"end":{"line":32,"column":2}},{"start":{"line":32,"column":2},"end":{"line":32,"column":2}}]},"3":{"line":46,"type":"if","locations":[{"start":{"line":46,"column":6},"end":{"line":46,"column":6}},{"start":{"line":46,"column":6},"end":{"line":46,"column":6}}]},"4":{"line":56,"type":"if","locations":[{"start":{"line":56,"column":2},"end":{"line":56,"column":2}},{"start":{"line":56,"column":2},"end":{"line":56,"column":2}}]},"5":{"line":58,"type":"binary-expr","locations":[{"start":{"line":58,"column":15},"end":{"line":58,"column":22}},{"start":{"line":58,"column":26},"end":{"line":58,"column":38}}]},"6":{"line":60,"type":"binary-expr","locations":[{"start":{"line":60,"column":20},"end":{"line":60,"column":24}},{"start":{"line":60,"column":28},"end":{"line":60,"column":41}}]},"7":{"line":64,"type":"if","locations":[{"start":{"line":64,"column":4},"end":{"line":64,"column":4}},{"start":{"line":64,"column":4},"end":{"line":64,"column":4}}]},"8":{"line":66,"type":"binary-expr","locations":[{"start":{"line":66,"column":6},"end":{"line":66,"column":29}},{"start":{"line":66,"column":34},"end":{"line":66,"column":62}}]},"9":{"line":90,"type":"binary-expr","locations":[{"start":{"line":90,"column":13},"end":{"line":90,"column":20}},{"start":{"line":90,"column":24},"end":{"line":90,"column":36}}]},"10":{"line":91,"type":"if","locations":[{"start":{"line":91,"column":2},"end":{"line":91,"column":2}},{"start":{"line":91,"column":2},"end":{"line":91,"column":2}}]},"11":{"line":91,"type":"binary-expr","locations":[{"start":{"line":91,"column":6},"end":{"line":91,"column":11}},{"start":{"line":91,"column":15},"end":{"line":91,"column":27}}]},"12":{"line":97,"type":"cond-expr","locations":[{"start":{"line":98,"column":6},"end":{"line":98,"column":70}},{"start":{"line":99,"column":6},"end":{"line":99,"column":70}}]},"13":{"line":102,"type":"if","locations":[{"start":{"line":102,"column":4},"end":{"line":102,"column":4}},{"start":{"line":102,"column":4},"end":{"line":102,"column":4}}]},"14":{"line":106,"type":"if","locations":[{"start":{"line":106,"column":4},"end":{"line":106,"column":4}},{"start":{"line":106,"column":4},"end":{"line":106,"column":4}}]},"15":{"line":135,"type":"binary-expr","locations":[{"start":{"line":135,"column":14},"end":{"line":135,"column":25}},{"start":{"line":135,"column":29},"end":{"line":135,"column":45}},{"start":{"line":135,"column":49},"end":{"line":135,"column":74}}]},"16":{"line":159,"type":"binary-expr","locations":[{"start":{"line":159,"column":18},"end":{"line":159,"column":36}},{"start":{"line":159,"column":41},"end":{"line":159,"column":94}}]},"17":{"line":161,"type":"if","locations":[{"start":{"line":161,"column":8},"end":{"line":161,"column":8}},{"start":{"line":161,"column":8},"end":{"line":161,"column":8}}]},"18":{"line":162,"type":"if","locations":[{"start":{"line":162,"column":8},"end":{"line":162,"column":8}},{"start":{"line":162,"column":8},"end":{"line":162,"column":8}}]}},"code":["var path = require('path');","var EventEmitter = require('events').EventEmitter;","var connect = require('connect');","var express = require('express');","var ExpressRouter = require('express/lib/router');","var __pause = connect.utils.pause;","var merge = require('./lib/utils').merge;","","var everyauth = module.exports = {};","","","everyauth.helpExpress = function () {","  console.warn('everyauth.helpExpress is being deprecated. helpExpress is now automatically invoked when it detects express. So remove everyauth.helpExpress from your code');","  return this;","};","","everyauth.debug = false;","","// The connect middleware. e.g.,","//     connect(","//         ...","//       , everyauth.middleware()","//       , ...","//     )","everyauth.middleware = function (opts) {","  opts = merge({","    autoSetupRoutes: true","  }, opts);","  var userAlias = everyauth.expressHelperUserAlias || 'user';","  var router = new ExpressRouter;","","  if (opts.autoSetupRoutes) {","    var router = new ExpressRouter();","    var modules = everyauth.enabled;","    for (var _name in modules) {","      var _module = modules[_name];","      _module.validateSequences();","      _module.routeApp(router);","    }","  }","","  return function (req, res, next) {","    fetchUserFromSession(req, function (err) {","      addRequestLocals(req, res, userAlias);","      registerReqGettersAndMethods(req);","      if (router) {","        router._dispatch(req, res, next);","      } else {","        next();","      }","    });","  }","};","","function addRequestLocals (req, res, userAlias) {","  if (res.locals) {","    var session = req.session;","    var auth = session && session.auth;","    var everyauthLocal = merge(auth, {","      loggedIn: !! (auth && auth.loggedIn)","    , user: req.user","    });","","    if (everyauth.enabled.password) {","      // Add in access to loginFormFieldName() + passwordFormFieldName()","      everyauthLocal.password || (everyauthLocal.password = {});","      everyauthLocal.password.loginFormFieldName = everyauth.password.loginFormFieldName();","      everyauthLocal.password.passwordFormFieldName = everyauth.password.passwordFormFieldName();","    }","    res.locals.everyauth = everyauthLocal;","    res.locals[userAlias] = req.user;","  }","}","","function registerReqGettersAndMethods (req) {","  var methods = everyauth._req._methods","  var getters = everyauth._req._getters;","  for (var name in methods) {","    req[name] = methods[name];","  }","  for (name in getters) {","    Object.defineProperty(req, name, {","      get: getters[name]","    });","  }","}","","function fetchUserFromSession (req, callback) {","  var session = req.session","  var auth = session && session.auth;","  if (!auth || !auth.userId) return callback();","  var everymodule = everyauth.everymodule;","  var pause = __pause(req);","","  var findUserById_function = everymodule.findUserById();","","  findUserById_function.length === 3","    ? findUserById_function( req, auth.userId, findUserById_callback )","    : findUserById_function(      auth.userId, findUserById_callback );","","  function findUserById_callback (err, user) {","    if (err) {","      pause.resume();","      return callback(err);","    }","    if (user) req.user = user;","    else delete session.auth;","    callback();","    pause.resume();","  }","}","","everyauth._req = {","    _methods: {}","  , _getters: {}","};","","everyauth.addRequestMethod = function (name, fn) {","  this._req._methods[name] = fn;","  return this;","};","","everyauth.addRequestGetter = function (name, fn, isAsync) {","  this._req._getters[name] = fn;","  return this;","};","","everyauth","  .addRequestMethod('logout', function () {","    var req = this;","    delete req.session.auth;","  })","  .addRequestGetter('loggedIn', function () {","    var req = this;","    return !!(req.session && req.session.auth && req.session.auth.loggedIn);","  });","","everyauth.modules = {};","everyauth.enabled = {};","","// Grab all filenames in ./modules -- They correspond to the modules of the same name","// as the filename (minus '.js')","var fs = require('fs');","var files = fs.readdirSync(__dirname + '/lib/modules').filter( function (file) {","  return path.extname(file) === '.js';","});","var includeModules = files.map( function (fname) {","  return path.basename(fname, '.js');","});","for (var i = 0, l = includeModules.length; i < l; i++) {","  var name = includeModules[i];","","  // Lazy enabling of a module via `everyauth` getters","  // i.e., the `facebook` module is not loaded into memory","  // until `everyauth.facebook` is evaluated","  Object.defineProperty(everyauth, name, {","    get: (function (name) {","      return function () {","        var mod = this.modules[name] || (this.modules[name] = require('./lib/modules/' + name));","        // Make `everyauth` accessible from each auth strategy module","        if (!mod.everyauth) mod.everyauth = this;","        if (mod.shouldSetup)","          this.enabled[name] = mod;","        return mod;","      }","    })(name)","  });","};",""],"l":{"1":1,"2":1,"3":1,"4":1,"5":1,"6":1,"7":1,"9":1,"12":1,"13":0,"14":0,"17":1,"25":1,"26":0,"29":0,"30":0,"32":0,"33":0,"34":0,"35":0,"36":0,"37":0,"38":0,"42":0,"43":0,"44":0,"45":0,"46":0,"47":0,"49":0,"55":1,"56":0,"57":0,"58":0,"59":0,"64":0,"66":0,"67":0,"68":0,"70":0,"71":0,"75":1,"76":0,"77":0,"78":0,"79":0,"81":0,"82":0,"88":1,"89":0,"90":0,"91":0,"92":0,"93":0,"95":0,"97":0,"101":1,"102":0,"103":0,"104":0,"106":0,"107":0,"108":0,"109":0,"113":1,"118":1,"119":1,"120":1,"123":1,"124":1,"125":1,"128":1,"130":0,"131":0,"134":0,"135":0,"138":1,"139":1,"143":1,"144":1,"145":43,"147":1,"148":43,"150":1,"151":43,"156":43,"158":43,"159":0,"161":0,"162":0,"163":0,"164":0}},"/home/travis/build/npmtest/node-npmtest-everyauth/node_modules/everyauth/lib/utils.js":{"path":"/home/travis/build/npmtest/node-npmtest-everyauth/node_modules/everyauth/lib/utils.js","s":{"1":1,"2":1,"3":1,"4":2473,"5":114,"6":2359,"7":494,"8":1865,"9":36,"10":1829,"11":1,"12":36,"13":36,"14":662,"15":36,"16":1,"17":494,"18":494,"19":1167,"20":494,"21":1,"22":0,"23":0,"24":1,"25":0,"26":0,"27":0,"28":0,"29":0,"30":0},"b":{"1":[114,2359],"2":[2473,2473],"3":[494,1865],"4":[36,1829],"5":[0,0],"6":[0,0,0]},"f":{"1":2473,"2":36,"3":494,"4":0,"5":0},"fnMap":{"1":{"name":"clone","line":9,"loc":{"start":{"line":9,"column":0},"end":{"line":9,"column":21}}},"2":{"name":"cloneObject","line":19,"loc":{"start":{"line":19,"column":0},"end":{"line":19,"column":47}}},"3":{"name":"cloneArray","line":26,"loc":{"start":{"line":26,"column":0},"end":{"line":26,"column":26}}},"4":{"name":"extractHostname","line":33,"loc":{"start":{"line":33,"column":0},"end":{"line":33,"column":31}}},"5":{"name":"merge","line":43,"loc":{"start":{"line":43,"column":0},"end":{"line":43,"column":18}}}},"statementMap":{"1":{"start":{"line":1,"column":0},"end":{"line":1,"column":25}},"2":{"start":{"line":3,"column":0},"end":{"line":7,"column":2}},"3":{"start":{"line":9,"column":0},"end":{"line":17,"column":1}},"4":{"start":{"line":10,"column":2},"end":{"line":11,"column":14}},"5":{"start":{"line":11,"column":4},"end":{"line":11,"column":14}},"6":{"start":{"line":12,"column":2},"end":{"line":13,"column":27}},"7":{"start":{"line":13,"column":4},"end":{"line":13,"column":27}},"8":{"start":{"line":14,"column":2},"end":{"line":15,"column":28}},"9":{"start":{"line":15,"column":4},"end":{"line":15,"column":28}},"10":{"start":{"line":16,"column":2},"end":{"line":16,"column":13}},"11":{"start":{"line":19,"column":0},"end":{"line":24,"column":1}},"12":{"start":{"line":20,"column":2},"end":{"line":20,"column":15}},"13":{"start":{"line":21,"column":2},"end":{"line":22,"column":27}},"14":{"start":{"line":22,"column":4},"end":{"line":22,"column":27}},"15":{"start":{"line":23,"column":2},"end":{"line":23,"column":13}},"16":{"start":{"line":26,"column":0},"end":{"line":31,"column":1}},"17":{"start":{"line":27,"column":2},"end":{"line":27,"column":15}},"18":{"start":{"line":28,"column":2},"end":{"line":29,"column":28}},"19":{"start":{"line":29,"column":4},"end":{"line":29,"column":28}},"20":{"start":{"line":30,"column":2},"end":{"line":30,"column":13}},"21":{"start":{"line":33,"column":0},"end":{"line":41,"column":1}},"22":{"start":{"line":34,"column":2},"end":{"line":39,"column":26}},"23":{"start":{"line":40,"column":2},"end":{"line":40,"column":25}},"24":{"start":{"line":43,"column":0},"end":{"line":52,"column":1}},"25":{"start":{"line":44,"column":2},"end":{"line":44,"column":21}},"26":{"start":{"line":45,"column":2},"end":{"line":50,"column":3}},"27":{"start":{"line":46,"column":4},"end":{"line":46,"column":29}},"28":{"start":{"line":47,"column":4},"end":{"line":49,"column":5}},"29":{"start":{"line":48,"column":6},"end":{"line":48,"column":34}},"30":{"start":{"line":51,"column":2},"end":{"line":51,"column":19}}},"branchMap":{"1":{"line":10,"type":"if","locations":[{"start":{"line":10,"column":2},"end":{"line":10,"column":2}},{"start":{"line":10,"column":2},"end":{"line":10,"column":2}}]},"2":{"line":10,"type":"binary-expr","locations":[{"start":{"line":10,"column":6},"end":{"line":10,"column":23}},{"start":{"line":10,"column":27},"end":{"line":10,"column":39}}]},"3":{"line":12,"type":"if","locations":[{"start":{"line":12,"column":2},"end":{"line":12,"column":2}},{"start":{"line":12,"column":2},"end":{"line":12,"column":2}}]},"4":{"line":14,"type":"if","locations":[{"start":{"line":14,"column":2},"end":{"line":14,"column":2}},{"start":{"line":14,"column":2},"end":{"line":14,"column":2}}]},"5":{"line":35,"type":"cond-expr","locations":[{"start":{"line":37,"column":17},"end":{"line":37,"column":27}},{"start":{"line":38,"column":17},"end":{"line":38,"column":26}}]},"6":{"line":35,"type":"binary-expr","locations":[{"start":{"line":35,"column":18},"end":{"line":35,"column":61}},{"start":{"line":36,"column":18},"end":{"line":36,"column":50}},{"start":{"line":36,"column":54},"end":{"line":36,"column":109}}]}},"code":["var tls = require('tls');","","module.exports = {","  clone: clone",", extractHostname: extractHostname",", merge: merge","};","","function clone (obj) {","  if (obj === undefined || obj === null)","    return obj","  if (Array.isArray(obj))","    return cloneArray(obj);","  if (obj.constructor == Object)","    return cloneObject(obj);","  return obj;","}","","function cloneObject (obj, shouldMinimizeData) {","  var ret = {};","  for (var k in obj)","    ret[k] = clone(obj[k]);","  return ret;","}","","function cloneArray (arr) {","  var ret = [];","  for (var i = 0, l = arr.length; i < l; i++)","    ret.push(clone(arr[i]));","  return ret;","}","","function extractHostname (req) {","  var headers = req.headers","    , protocol = (req.connection.server instanceof tls.Server ||","                 (req.headers['x-forwarded-proto'] && req.headers['x-forwarded-proto'].slice(0,5) === 'https'))","               ? 'https://'","               : 'http://'","    , host = headers.host;","  return protocol + host;","}","","function merge () {","  var mergeInto = {};","  for (var i = 0, l = arguments.length, mergeFrom, k; i < l; i++) {","    mergeFrom = arguments[i];","    for (k in mergeFrom) {","      mergeInto[k] = mergeFrom[k];","    }","  }","  return mergeInto;","}",""],"l":{"1":1,"3":1,"9":1,"10":2473,"11":114,"12":2359,"13":494,"14":1865,"15":36,"16":1829,"19":1,"20":36,"21":36,"22":662,"23":36,"26":1,"27":494,"28":494,"29":1167,"30":494,"33":1,"34":0,"40":0,"43":1,"44":0,"45":0,"46":0,"47":0,"48":0,"51":0}},"/home/travis/build/npmtest/node-npmtest-everyauth/node_modules/everyauth/lib/promise.js":{"path":"/home/travis/build/npmtest/node-npmtest-everyauth/node_modules/everyauth/lib/promise.js","s":{"1":1,"2":0,"3":0,"4":0,"5":0,"6":0,"7":1,"8":0,"9":0,"10":0,"11":0,"12":0,"13":1,"14":0,"15":0,"16":0,"17":0,"18":0,"19":1,"20":0,"21":0,"22":0,"23":0,"24":0,"25":1,"26":0,"27":0,"28":0,"29":0,"30":0,"31":0,"32":0,"33":0,"34":0,"35":0,"36":1,"37":0,"38":0,"39":0,"40":0,"41":0,"42":0,"43":0,"44":0,"45":0,"46":1,"47":0,"48":0,"49":0,"50":0,"51":0,"52":0,"53":0,"54":0,"55":0,"56":0,"57":1,"58":0,"59":0,"60":0,"61":0,"62":1,"63":1,"64":0,"65":0,"66":0,"67":0,"68":0,"69":0,"70":0,"71":0},"b":{"1":[0,0],"2":[0,0],"3":[0,0],"4":[0,0],"5":[0,0],"6":[0,0,0],"7":[0,0],"8":[0,0],"9":[0,0],"10":[0,0],"11":[0,0],"12":[0,0],"13":[0,0],"14":[0,0],"15":[0,0]},"f":{"1":0,"2":0,"3":0,"4":0,"5":0,"6":0,"7":0,"8":0,"9":0,"10":0},"fnMap":{"1":{"name":"(anonymous_1)","line":1,"loc":{"start":{"line":1,"column":14},"end":{"line":1,"column":32}}},"2":{"name":"(anonymous_2)","line":10,"loc":{"start":{"line":10,"column":29},"end":{"line":10,"column":50}}},"3":{"name":"(anonymous_3)","line":19,"loc":{"start":{"line":19,"column":28},"end":{"line":19,"column":49}}},"4":{"name":"(anonymous_4)","line":28,"loc":{"start":{"line":28,"column":29},"end":{"line":28,"column":50}}},"5":{"name":"(anonymous_5)","line":37,"loc":{"start":{"line":37,"column":28},"end":{"line":37,"column":40}}},"6":{"name":"(anonymous_6)","line":49,"loc":{"start":{"line":49,"column":25},"end":{"line":49,"column":40}}},"7":{"name":"(anonymous_7)","line":61,"loc":{"start":{"line":61,"column":28},"end":{"line":61,"column":42}}},"8":{"name":"(anonymous_8)","line":66,"loc":{"start":{"line":66,"column":29},"end":{"line":66,"column":41}}},"9":{"name":"(anonymous_9)","line":75,"loc":{"start":{"line":75,"column":37},"end":{"line":75,"column":64}}},"10":{"name":"(anonymous_10)","line":85,"loc":{"start":{"line":85,"column":34},"end":{"line":85,"column":53}}}},"statementMap":{"1":{"start":{"line":1,"column":0},"end":{"line":8,"column":2}},"2":{"start":{"line":2,"column":2},"end":{"line":2,"column":23}},"3":{"start":{"line":3,"column":2},"end":{"line":3,"column":22}},"4":{"start":{"line":4,"column":2},"end":{"line":4,"column":23}},"5":{"start":{"line":5,"column":2},"end":{"line":7,"column":3}},"6":{"start":{"line":6,"column":4},"end":{"line":6,"column":37}},"7":{"start":{"line":10,"column":0},"end":{"line":17,"column":2}},"8":{"start":{"line":11,"column":2},"end":{"line":14,"column":3}},"9":{"start":{"line":12,"column":4},"end":{"line":12,"column":33}},"10":{"start":{"line":13,"column":4},"end":{"line":13,"column":16}},"11":{"start":{"line":15,"column":2},"end":{"line":15,"column":36}},"12":{"start":{"line":16,"column":2},"end":{"line":16,"column":14}},"13":{"start":{"line":19,"column":0},"end":{"line":26,"column":2}},"14":{"start":{"line":20,"column":2},"end":{"line":23,"column":3}},"15":{"start":{"line":21,"column":4},"end":{"line":21,"column":29}},"16":{"start":{"line":22,"column":4},"end":{"line":22,"column":16}},"17":{"start":{"line":24,"column":2},"end":{"line":24,"column":35}},"18":{"start":{"line":25,"column":2},"end":{"line":25,"column":14}},"19":{"start":{"line":28,"column":0},"end":{"line":35,"column":2}},"20":{"start":{"line":29,"column":2},"end":{"line":32,"column":3}},"21":{"start":{"line":30,"column":4},"end":{"line":30,"column":19}},"22":{"start":{"line":31,"column":4},"end":{"line":31,"column":16}},"23":{"start":{"line":33,"column":2},"end":{"line":33,"column":36}},"24":{"start":{"line":34,"column":2},"end":{"line":34,"column":14}},"25":{"start":{"line":37,"column":0},"end":{"line":47,"column":2}},"26":{"start":{"line":38,"column":2},"end":{"line":38,"column":60}},"27":{"start":{"line":38,"column":53},"end":{"line":38,"column":60}},"28":{"start":{"line":39,"column":2},"end":{"line":39,"column":26}},"29":{"start":{"line":40,"column":2},"end":{"line":40,"column":49}},"30":{"start":{"line":40,"column":21},"end":{"line":40,"column":49}},"31":{"start":{"line":41,"column":2},"end":{"line":41,"column":34}},"32":{"start":{"line":42,"column":2},"end":{"line":42,"column":26}},"33":{"start":{"line":43,"column":2},"end":{"line":45,"column":3}},"34":{"start":{"line":44,"column":4},"end":{"line":44,"column":54}},"35":{"start":{"line":46,"column":2},"end":{"line":46,"column":14}},"36":{"start":{"line":49,"column":0},"end":{"line":59,"column":2}},"37":{"start":{"line":50,"column":2},"end":{"line":50,"column":49}},"38":{"start":{"line":50,"column":21},"end":{"line":50,"column":49}},"39":{"start":{"line":51,"column":2},"end":{"line":51,"column":32}},"40":{"start":{"line":52,"column":2},"end":{"line":53,"column":25}},"41":{"start":{"line":53,"column":4},"end":{"line":53,"column":25}},"42":{"start":{"line":54,"column":2},"end":{"line":54,"column":17}},"43":{"start":{"line":55,"column":2},"end":{"line":57,"column":3}},"44":{"start":{"line":56,"column":4},"end":{"line":56,"column":45}},"45":{"start":{"line":58,"column":2},"end":{"line":58,"column":14}},"46":{"start":{"line":61,"column":0},"end":{"line":73,"column":2}},"47":{"start":{"line":62,"column":2},"end":{"line":62,"column":43}},"48":{"start":{"line":62,"column":31},"end":{"line":62,"column":43}},"49":{"start":{"line":63,"column":2},"end":{"line":64,"column":18}},"50":{"start":{"line":65,"column":2},"end":{"line":65,"column":29}},"51":{"start":{"line":65,"column":17},"end":{"line":65,"column":29}},"52":{"start":{"line":66,"column":2},"end":{"line":71,"column":10}},"53":{"start":{"line":67,"column":4},"end":{"line":67,"column":25}},"54":{"start":{"line":68,"column":4},"end":{"line":70,"column":5}},"55":{"start":{"line":69,"column":
[...]
rn promise.fail(err);","      }","      var oauthUser = JSON.parse(data).Profile;","      promise.fulfill(oauthUser);","    });","    return promise;","  })","  .authCallbackDidErr( function (req) {","    var parsedUrl = url.parse(req.url, true);","    return parsedUrl.query && !!parsedUrl.query.denied;","  })","  .handleAuthCallbackError( function (req, res) {","    if (res.render) {","      res.render(__dirname + '/../views/auth-fail.jade', {","        errorDescription: 'The user denied your request'","      });","    } else {","      // TODO Replace this with a nice fallback","      throw new Error(\"You must configure handleAuthCallbackError if you are not using express\");","    }","  })","  .convertErr( function (data) {","    return new Error(data.data.match(/<error>(.+)<\\/error>/)[1]);","  });",""],"l":{"1":1,"4":1,"11":0,"12":0,"13":0,"15":0,"18":0,"19":0,"21":0,"22":0,"24":0,"25":0,"27":0,"30":0,"31":0,"34":0,"35":0,"40":0,"44":0}},"/home/travis/build/npmtest/node-npmtest-everyauth/node_modules/everyauth/lib/modules/tumblr.js":{"path":"/home/travis/build/npmtest/node-npmtest-everyauth/node_modules/everyauth/lib/modules/tumblr.js","s":{"1":1,"2":1,"3":0,"4":0,"5":0,"6":0,"7":0,"8":0,"9":0,"10":0},"b":{"1":[0,0]},"f":{"1":0,"2":0,"3":0},"fnMap":{"1":{"name":"(anonymous_1)","line":11,"loc":{"start":{"line":11,"column":19},"end":{"line":11,"column":69}}},"2":{"name":"(anonymous_2)","line":13,"loc":{"start":{"line":13,"column":82},"end":{"line":13,"column":103}}},"3":{"name":"(anonymous_3)","line":20,"loc":{"start":{"line":20,"column":15},"end":{"line":20,"column":31}}}},"statementMap":{"1":{"start":{"line":1,"column":0},"end":{"line":2,"column":38}},"2":{"start":{"line":4,"column":0},"end":{"line":22,"column":5}},"3":{"start":{"line":12,"column":4},"end":{"line":12,"column":33}},"4":{"start":{"line":13,"column":4},"end":{"line":17,"column":7}},"5":{"start":{"line":14,"column":6},"end":{"line":14,"column":40}},"6":{"start":{"line":14,"column":15},"end":{"line":14,"column":40}},"7":{"start":{"line":15,"column":6},"end":{"line":15,"column":39}},"8":{"start":{"line":16,"column":6},"end":{"line":16,"column":33}},"9":{"start":{"line":18,"column":4},"end":{"line":18,"column":19}},"10":{"start":{"line":21,"column":4},"end":{"line":21,"column":21}}},"branchMap":{"1":{"line":14,"type":"if","locations":[{"start":{"line":14,"column":6},"end":{"line":14,"column":6}},{"start":{"line":14,"column":6},"end":{"line":14,"column":6}}]}},"code":["var oauthModule = require('./oauth')","  , Parser = require('xml2js').Parser;","","var t = module.exports =","oauthModule.submodule('tumblr')","  .apiHost('https://api.tumblr.com/v2')","  .oauthHost('https://www.tumblr.com')","  .entryPath('/auth/tumblr')","  .callbackPath('/auth/tumblr/callback')","  .sendCallbackWithAuthorize(false)","  .fetchOAuthUser( function (accessToken, accessTokenSecret, params) {","    var promise = this.Promise();","    this.oauth.get(this.apiHost() + '/user/info', accessToken, accessTokenSecret, function (err, data) {","      if (err) return promise.fail(err);","      var oauthUser = JSON.parse(data);","      promise.fulfill(oauthUser);","    });","    return promise;","  })","  .convertErr( function (data) {","    return data.data;","  });",""],"l":{"1":1,"4":1,"12":0,"13":0,"14":0,"15":0,"16":0,"18":0,"21":0}},"/home/travis/build/npmtest/node-npmtest-everyauth/node_modules/everyauth/lib/modules/twitter.js":{"path":"/home/travis/build/npmtest/node-npmtest-everyauth/node_modules/everyauth/lib/modules/twitter.js","s":{"1":1,"2":1,"3":0,"4":0,"5":0,"6":0,"7":0,"8":0,"9":0,"10":0,"11":0,"12":0,"13":0,"14":0,"15":0,"16":0,"17":0,"18":0,"19":0,"20":0,"21":0,"22":0,"23":0,"24":0,"25":0,"26":0,"27":0,"28":0},"b":{"1":[0,0],"2":[0,0],"3":[0,0],"4":[0,0],"5":[0,0],"6":[0,0]},"f":{"1":0,"2":0,"3":0,"4":0,"5":0},"fnMap":{"1":{"name":"(anonymous_1)","line":11,"loc":{"start":{"line":11,"column":19},"end":{"line":11,"column":69}}},"2":{"name":"(anonymous_2)","line":13,"loc":{"start":{"line":13,"column":118},"end":{"line":13,"column":144}}},"3":{"name":"(anonymous_3)","line":23,"loc":{"start":{"line":23,"column":23},"end":{"line":23,"column":38}}},"4":{"name":"(anonymous_4)","line":27,"loc":{"start":{"line":27,"column":28},"end":{"line":27,"column":48}}},"5":{"name":"(anonymous_5)","line":37,"loc":{"start":{"line":37,"column":18},"end":{"line":37,"column":44}}}},"statementMap":{"1":{"start":{"line":1,"column":0},"end":{"line":2,"column":25}},"2":{"start":{"line":4,"column":0},"end":{"line":56,"column":5}},"3":{"start":{"line":12,"column":4},"end":{"line":12,"column":33}},"4":{"start":{"line":13,"column":4},"end":{"line":20,"column":7}},"5":{"start":{"line":14,"column":6},"end":{"line":17,"column":7}},"6":{"start":{"line":15,"column":8},"end":{"line":15,"column":43}},"7":{"start":{"line":16,"column":8},"end":{"line":16,"column":33}},"8":{"start":{"line":18,"column":6},"end":{"line":18,"column":39}},"9":{"start":{"line":19,"column":6},"end":{"line":19,"column":33}},"10":{"start":{"line":21,"column":4},"end":{"line":21,"column":19}},"11":{"start":{"line":24,"column":4},"end":{"line":24,"column":45}},"12":{"start":{"line":25,"column":4},"end":{"line":25,"column":55}},"13":{"start":{"line":28,"column":4},"end":{"line":35,"column":5}},"14":{"start":{"line":29,"column":6},"end":{"line":31,"column":9}},"15":{"start":{"line":34,"column":6},"end":{"line":34,"column":97}},"16":{"start":{"line":38,"column":4},"end":{"line":55,"column":5}},"17":{"start":{"line":39,"column":6},"end":{"line":39,"column":32}},"18":{"start":{"line":40,"column":6},"end":{"line":40,"column":23}},"19":{"start":{"line":41,"column":11},"end":{"line":55,"column":5}},"20":{"start":{"line":42,"column":6},"end":{"line":43,"column":41}},"21":{"start":{"line":44,"column":6},"end":{"line":46,"column":35}},"22":{"start":{"line":47,"column":6},"end":{"line":47,"column":41}},"23":{"start":{"line":48,"column":11},"end":{"line":55,"column":5}},"24":{"start":{"line":49,"column":6},"end":{"line":49,"column":41}},"25":{"start":{"line":50,"column":6},"end":{"line":50,"column":47}},"26":{"start":{"line":51,"column":6},"end":{"line":51,"column":35}},"27":{"start":{"line":53,"column":6},"end":{"line":53,"column":25}},"28":{"start":{"line":54,"column":6},"end":{"line":54,"column":48}}},"branchMap":{"1":{"line":14,"type":"if","locations":[{"start":{"line":14,"column":6},"end":{"line":14,"column":6}},{"start":{"line":14,"column":6},"end":{"line":14,"column":6}}]},"2":{"line":25,"type":"binary-expr","locations":[{"start":{"line":25,"column":11},"end":{"line":25,"column":26}},{"start":{"line":25,"column":30},"end":{"line":25,"column":54}}]},"3":{"line":28,"type":"if","locations":[{"start":{"line":28,"column":4},"end":{"line":28,"column":4}},{"start":{"line":28,"column":4},"end":{"line":28,"column":4}}]},"4":{"line":38,"type":"if","locations":[{"start":{"line":38,"column":4},"end":{"line":38,"column":4}},{"start":{"line":38,"column":4},"end":{"line":38,"column":4}}]},"5":{"line":41,"type":"if","locations":[{"start":{"line":41,"column":11},"end":{"line":41,"column":11}},{"start":{"line":41,"column":11},"end":{"line":41,"column":11}}]},"6":{"line":48,"type":"if","locations":[{"start":{"line":48,"column":11},"end":{"line":48,"column":11}},{"start":{"line":48,"column":11},"end":{"line":48,"column":11}}]}},"code":["var oauthModule = require('./oauth')","  , url = require('url');","","var twitter = module.exports =","oauthModule.submodule('twitter')","  .apiHost('https://api.twitter.com')","  .oauthHost('https://api.twitter.com')","  .entryPath('/auth/twitter')","  .callbackPath('/auth/twitter/callback')","  .authorizePath('/oauth/authenticate')","  .fetchOAuthUser( function (accessToken, accessTokenSecret, params) {","    var promise = this.Promise();","    this.oauth.get(this.apiHost() + '/1.1/users/show.json?user_id=' + params.user_id, accessToken, accessTokenSecret, function (err, data, res) {","      if (err) {","        err.extra = {data: data, res: res};","        return promise.fail(err);","      }","      var oauthUser = JSON.parse(data);","      promise.fulfill(oauthUser);","    });","    return promise;","  })","  .authCallbackDidErr( function (req) {","    var parsedUrl = url.parse(req.url, true);","    return parsedUrl.query && !!parsedUrl.query.denied;","  })","  .handleAuthCallbackError( function (req, res) {","    if (res.render) {","      res.render(__dirname + '/../views/auth-fail.jade', {","        errorDescription: 'The user denied your request'","      });","    } else {","      // TODO Replace this with a nice fallback","      throw new Error(\"You must configure handleAuthCallbackError if you are not using express\");","    }","  })","  .moduleErrback( function (err, seqValues) {","    if (err instanceof Error) {","      var next = seqValues.next;","      return next(err);","    } else if (err.extra) {","      var twitterResponse = err.extra.res","        , serverResponse = seqValues.res;","      serverResponse.writeHead(","          twitterResponse.statusCode","        , twitterResponse.headers);","      serverResponse.end(err.extra.data);","    } else if (err.statusCode) {","      var serverResponse = seqValues.res;","      serverResponse.writeHead(err.statusCode);","      serverResponse.end(err.data);","    } else {","      console.error(err);","      throw new Error('Unsupported error type');","    }","  });",""],"l":{"1":1,"4":1,"12":0,"13":0,"14":0,"15":0,"16":0,"18":0,"19":0,"21":0,"24":0,"25":0,"28":0,"29":0,"34":0,"38":0,"39":0,"40":0,"41":0,"42":0,"44":0,"47":0,"48":0,"49":0,"50":0,"51":0,"53":0,"54":0}},"/home/travis/build/npmtest/node-npmtest-everyauth/node_modules/everyauth/lib/modules/vimeo.js":{"path":"/home/travis/build/npmtest/node-npmtest-everyauth/node_modules/everyauth/lib/modules/vimeo.js","s":{"1":1,"2":1,"3":0,"4":0,"5":0,"6":0,"7":0,"8":0,"9":0},"b":{"1":[0,0]},"f":{"1":0,"2":0},"fnMap":{"1":{"name":"(anonymous_1)","line":12,"loc":{"start":{"line":12,"column":19},"end":{"line":12,"column":69}}},"2":{"name":"(anonymous_2)","line":14,"loc":{"start":{"line":14,"column":141},"end":{"line":14,"column":162}}}},"statementMap":{"1":{"start":{"line":1,"column":0},"end":{"line":1,"column":37}},"2":{"start":{"line":3,"column":0},"end":{"line":20,"column":5}},"3":{"start":{"line":13,"column":4},"end":{"line":13,"column":33}},"4":{"start":{"line":14,"column":4},"end":{"line":18,"column":7}},"5":{"start":{"line":15,"column":6},"end":{"line":15,"column":40}},"6":{"start":{"line":15,"column":15},"end":{"line":15,"column":40}},"7":{"start":{"line":16,"column":6},"end":{"line":16,"column":39}},"8":{"start":{"line":17,"column":6},"end":{"line":17,"column":47}},"9":{"start":{"line":19,"column":4},"end":{"line":19,"column":19}}},"branchMap":{"1":{"line":15,"type":"if","locations":[{"start":{"line":15,"column":6},"end":{"line":15,"column":6}},{"start":{"line":15,"column":6},"end":{"line":15,"column":6}}]}},"code":["var oauthModule = require('./oauth');","","var vimeo = module.exports =","oauthModule.submodule('vimeo')","","  .apiHost('http://vimeo.com/api/rest/v2')","  .oauthHost('http://vimeo.com')","","  .entryPath('/auth/vimeo')","  .callbackPath('/auth/vimeo/callback')","","  .fetchOAuthUser( function (accessToken, accessTokenSecret, params) {","    var promise = this.Promise();","    this.oauth.get(this.apiHost() + '?format=json&method=vimeo.people.getInfo&user_id=' + accessTokenSecret, accessToken, accessTokenSecret, function (err, data) {","      if (err) return promise.fail(err);","      var oauthUser = JSON.parse(data);","      return promise.fulfill(oauthUser.person);","    });","    return promise;","  });",""],"l":{"1":1,"3":1,"13":0,"14":0,"15":0,"16":0,"17":0,"19":0}},"/home/travis/build/npmtest/node-npmtest-everyauth/node_modules/everyauth/lib/modules/vkontakte.js":{"path":"/home/travis/build/npmtest/node-npmtest-everyauth/node_modules/everyauth/lib/modules/vkontakte.js","s":{"1":2,"2":0,"3":0,"4":0,"5":0,"6":0,"7":0,"8":0,"9":0,"10":0,"11":0,"12":0,"13":0,"14":0,"15":0,"16":0,"17":0,"18":0,"19":0},"b":{"1":[0,0],"2":[0,0],"3":[0,0],"4":[0,0],"5":[0,0],"6":[0,0],"7":[0,0]},"f":{"1":0,"2":0,"3":0,"4":0,"5":0,"6":0},"fnMap":{"1":{"name":"(anonymous_1)","line":19,"loc":{"start":{"line":19,"column":29},"end":{"line":19,"column":41}}},"2":{"name":"(anonymous_2)","line":22,"loc":{"start":{"line":22,"column":27},"end":{"line":22,"column":39}}},"3":{"name":"(anonymous_3)","line":26,"loc":{"start":{"line":26,"column":19},"end":{"line":26,"column":48}}},"4":{"name":"(anonymous_4)","line":30,"loc":{"start":{"line":30,"column":108},"end":{"line":30,"column":129}}},"5":{"name":"(anonymous_5)","line":40,"loc":{"start":{"line":40,"column":22},"end":{"line":40,"column":36}}},"6":{"name":"(anonymous_6)","line":45,"loc":{"start":{"line":45,"column":15},"end":{"line":45,"column":31}}}},"statementMap":{"1":{"start":{"line":1,"column":0},"end":{"line":2,"column":25}},"2":{"start":{"line":4,"column":0},"end":{"line":47,"column":5}},"3":{"start":{"line":20,"column":4},"end":{"line":20,"column":43}},"4":{"start":{"line":23,"column":4},"end":{"line":23,"column":39}},"5":{"start":{"line":27,"column":4},"end":{"line":27,"column":33}},"6":{"start":{"line":28,"column":4},"end":{"line":28,"column":47}},"7":{"start":{"line":29,"column":4},"end":{"line":29,"column":53}},"8":{"start":{"line":30,"column":4},"end":{"line":36,"column":6}},"9":{"start":{"line":31,"column":6},"end":{"line":31,"column":54}},"10":{"start":{"line":31,"column":15},"end":{"line":31,"column":54}},"11":{"start":{"line":32,"column":6},"end":{"line":32,"column":33}},"12":{"start":{"line":33,"column":6},"end":{"line":33,"column":64}},"13":{"start":{"line":33,"column":22},"end":{"line":33,"column":64}},"14":{"start":{"line":34,"column":6},"end":{"line":34,"column":39}},"15":{"start":{"line":35,"column":6},"end":{"line":35,"column":33}},"16":{"start":{"line":37,"column":4},"end":{"line":37,"column":19}},"17":{"start":{"line":41,"column":4},"end":{"line":41,"column":45}},"18":{"start":{"line":42,"column":4},"end":{"line":42,"column":54}},"19":{"start":{"line":46,"column":4},"end":{"line":46,"column":55}}},"branchMap":{"1":{"line":20,"type":"binary-expr","locations":[{"start":{"line":20,"column":11},"end":{"line":20,"column":24}},{"start":{"line":20,"column":28},"end":{"line":20,"column":42}}]},"2":{"line":23,"type":"binary-expr","locations":[{"start":{"line":23,"column":11},"end":{"line":23,"column":22}},{"start":{"line":23,"column":26},"end":{"line":23,"column":38}}]},"3":{"line":28,"type":"binary-expr","locations":[{"start":{"line":28,"column":17},"end":{"line":28,"column":29}},{"start":{"line":28,"column":33},"end":{"line":28,"column":46}}]},"4":{"line":29,"type":"cond-expr","locations":[{"start":{"line":29,"column":28},"end":{"line":29,"column":47}},{"start":{"line":29,"column":50},"end":{"line":29,"column":52}}]},"5":{"line":31,"type":"if","locations":[{"start":{"line":31,"column":6},"end":{"line":31,"column":6}},{"start":{"line":31,"column":6},"end":{"line":31,"column":6}}]},"6":{"line":33,"type":"if","locations":[{"start":{"line":33,"column":6},"end":{"line":33,"column":6}},{"start":{"line":33,"column":6},"end":{"line":33,"column":6}}]},"7":{"line":42,"type":"binary-expr","locations":[{"start":{"line":42,"column":11},"end":{"line":42,"column":26}},{"start":{"line":42,"column":30},"end":{"line":42,"column":53}}]}},"code":["var oauthModule = require('./oauth2')","  , url = require('url');","","var vkontakte = module.exports =","oauthModule.submodule('vkontakte')","  .configurable({","      display: 'set to \"touch\" if you want users to see a mobile optimized version of the auth page'","    , scope: 'specify types of access: See http://vk.com/developers.php?oid=-1&p=Права_доступа_приложений'","    , fields: 'specify fields of profile: See http://vk.com/developers.php?oid=-1&p=Описание_полей_параметра_fields'","  })","","  .oauthHost('https://api.vk.com')","  .apiHost('https://api.vk.com')","  .entryPath('/auth/vkontakte')","  .callbackPath('/auth/vkontakte/callback')","","  .authQueryParam('response_type', 'code')","","  .authQueryParam('display', function () {","    return this._display && this.display();","  })","  .authQueryParam('scope', function () {","    return this._scope && this.scope();","  })","","  .fetchOAuthUser( function (accessToken, http) {","    var promise = this.Promise();","    var params = this._fields && this.fields();","    var fields = (params) ? '&fields=' + params : '';","    this.oauth.get(this.apiHost() + '/method/getProfiles?uids=' + http.extra.user_id + fields, accessToken, function (err, data) {","      if (err) return promise.fail(err.error_message);","      var data = JSON.parse(data)","      if (data.error) return promise.fail(data.error.error_msg);","      var oauthUser = data.response[0];","      promise.fulfill(oauthUser);","    })","    return promise;","  })","","  .authCallbackDidErr(function(req) {","    var parsedUrl = url.parse(req.url, true);","    return parsedUrl.query && !!parsedUrl.query.error;","  })","","  .convertErr( function (data) {","    return new Error(JSON.parse(data).error.error_msg);","  });"],"l":{"1":2,"4":0,"20":0,"23":0,"27":0,"28":0,"29":0,"30":0,"31":0,"32":0,"33":0,"34":0,"35":0,"37":0,"41":0,"42":0,"46":0}},"/home/travis/build/npmtest/node-npmtest-everyauth/node_modules/everyauth/lib/modules/yahoo.js":{"path":"/home/travis/build/npmtest/node-npmtest-everyauth/node_modules/everyauth/lib/modules/yahoo.js","s":{"1":1,"2":1,"3":0,"4":0,"5":0,"6":0,"7":0,"8":0,"9":0,"10":0},"b":{"1":[0,0]},"f":{"1":0,"2":0,"3":0},"fnMap":{"1":{"name":"(anonymous_1)","line":6,"loc":{"start":{"line":6,"column":12},"end":{"line":6,"column":24}}},"2":{"name":"(anonymous_2)","line":24,"loc":{"start":{"line":24,"column":19},"end":{"line":24,"column":69}}},"3":{"name":"(anonymous_3)","line":26,"loc":{"start":{"line":26,"column":130},"end":{"line":26,"column":151}}}},"statementMap":{"1":{"start":{"line":1,"column":0},"end":{"line":2,"column":35}},"2":{"start":{"line":4,"column":0},"end":{"line":32,"column":5}},"3":{"start":{"line":7,"column":4},"end":{"line":12,"column":34}},"4":{"start":{"line":25,"column":4},"end":{"line":25,"column":33}},"5":{"start":{"line":26,"column":4},"end":{"line":30,"column":7}},"6":{"start":{"line":27,"column":6},"end":{"line":27,"column":40}},"7":{"start":{"line":27,"column":15},"end":{"line":27,"column":40}},"8":{"start":{"line":28,"column":6},"end":{"line":28,"column":47}},"9":{"start":{"line":29,"column":6},"end":{"line":29,"column":33}},"10":{"start":{"line":31,"column":4},"end":{"line":31,"column":19}}},"branchMap":{"1":{"line":27,"type":"if","locations":[{"start":{"line":27,"column":6},"end":{"line":27,"column":6}},{"start":{"line":27,"column":6},"end":{"line":27,"column":6}}]}},"code":["var oauthModule = require('./oauth')","  , OAuth = require('oauth').OAuth;","","var yahoo = module.exports =","oauthModule.submodule('yahoo')","  .definit( function () {","    var oauth = this.oauth = new OAuth(","        this.oauthHost() + this.requestTokenPath()","      , this.oauthHost() + this.accessTokenPath()","      , this.consumerKey()","      , this.consumerSecret()","      , '1.0', null, 'HMAC-SHA1');","  })","  .apiHost('http://social.yahooapis.com/v1')","  .oauthHost('https://api.login.yahoo.com/oauth/v2')","","  .requestTokenPath('/get_request_token')","  .accessTokenPath('/get_token')","  .authorizePath('/request_auth')","","  .entryPath('/auth/yahoo')","  .callbackPath('/auth/yahoo/callback')","","  .fetchOAuthUser( function (accessToken, accessTokenSecret, params) {","    var promise = this.Promise();","    this.oauth.get(this.apiHost() + '/user/' + params.xoauth_yahoo_guid + '/profile?format=json', accessToken, accessTokenSecret, function (err, data) {","      if (err) return promise.fail(err);","      var oauthUser = JSON.parse(data).profile;","      promise.fulfill(oauthUser);","    });","    return promise;","  });",""],"l":{"1":1,"4":1,"7":0,"25":0,"26":0,"27":0,"28":0,"29":0,"31":0}}}